44602256790029
289687453750305
57170187547280
236822025160738
84246340811877
245824213938818
506545560219780
34889937330257
138657328440625
270480105587236
652096305225621
954659768576581
75048930598221
312774628305509
392633689999226
430940961551234
207846620927656
516296438744129
237335272540625
63613182777026
57336966180680
89943419155666
745989935296729
307957164210596
725861978307577
232991888110133
737062958043236
209074598483200
15721010267048
579583109132066
205135897026125
451179153118629
326144895773108
739596022565072
57497235320906
607889720110010
32841446511316
134930185404865
238701963690466
592747222753045
54708854553706
219474254326450
542460439002905
392051519108820
42012532488680
88297054382525
9355059751050
247545853972058
267811445581853
547302834598210
358540722850745
296528510321669
23746711889232
415615183006825
24799227608953
869474062745920
680718444578845
450840934812949
14112864675130
447670625612921
140649819085921
164629538945730
133072637825
267609988196050
10179632560072
933588470462369
316880202140602
783988469255458
148768586122337
212225832995450
68719691500433
3748063334770
389111098444858
261427531860820
322167198682181
707889233977601
59348944197625
529536807874001
1413229437595121
79743260696537
401460488506773
161717375734560
296150720476573
261277642740690
484660171560721
413396058723664
139415223593357
385723274545085
289440513227413
521923235594917
726265702737682
274042039021136
1464295213580237
551117649331610
108215398732345
213442954549613
107788906060445
587044884419624
258661775851040
269917398204833
146726595765769
128286791103269
331957546914122
69007572611213
705902158268372
409321138757060
274223980108360
231935372996292
186213486564778
516694917435173
45616251801745
49982520176341
17882571231053
350313102644690
26172240114002
762898258149812
225056145555533
10429240129744
806210514506777
144712771072490
27929112357512
450817763743285
167153606807850
88991883113024
300644138922145
103434863237576
515965586652253
464783009963688
139893988782356
135968851045170
216203185806089
180241808054841
466180125071440
25999720747250
197029128050053
31706645257274
315584565074885
24703749455821
27278227713305
11536454519442
66595441949425
343285892623026
1317103756535762
222463779973
487963745206660
292937165238634
348109405649297
36114589502900
470460694467088
370213402417765
492425532743429
166784397998305
12339838983418
5806633176125
41453898938225
310825605025009
97403667429410
148375164414244
61656559462016
576855711649333
122297467364362
198517621009093
376065082690973
90919682657074
180013884902217
158508760806842
762241274883370
13833460314929
253916157340898
164459635215632
111602633433650
129202824357949
110132585860453
315860760220736
592910848481789
214098434792050
758590509268048
322497847835154
77959825208581
422353708516121
33664445263618
331188645918800
68518652993677
409506283953941
11175019870941
165343855085221
280211363334657
461701816899280
11151180894725
214898283098141
173771460300776
466429127533088
40231743798600
701306147580145
361679816943953
798824086660228
187742513974410
77345800525450
151844598220906
1330054270189234
314871173533540
1010574206792
488028718339408
640210037889517
185994906914378
85908277885730
29263750819045
119144071511177
1134390812234626
451459889512690
13254065793872
44693340958010
185034097465498
4976195307425
7700860345730
547421469680836
718386574814257
1188729710918309
47632082516498
516450438370340
282448835716420
12934546716132
161303021508290
502380877781536
855929872731937
574735178824360
62281845613096
595506613290493
1784437751171401
243601232771585
175875076633273
337238565665185
516583862928244
19325519251037
77076382968164
201533188674049
145209439459076
49768234299613
287262943597225
242965232878932
152172653138777
366585659692816
10512949912034
252127014268069
48251153199217
420995218916722
91675782749044
77544181689104
644058544904660
5354116644665
280139489030276
339815467529290
943546408077521
12618955272989
464812518916850
136525385120125
16601871758293
262505726723140
170336506915354
126195779913908
115678045346020
14326495192354
58646680425929
452164885414177
213521614669850
589299832038125
118735868729741
40143010570900
518283552878437
54875533388980
117792769339664
442362374570745
437149715807705
119171336414146
58469638055545
166747136284385
30893912186618
53088651713962
225450952567325
265211753585525
179636458978210
211906841610613
368631852746617
204231619348180
29272694191189
1082827568237265
22317744168592
85706249304826
515036889604621
444653717465997
123548295453885
152171634631208
149195493626009
1018419861283009
206285756541344
188396526075556
30553254675277
616676905093924
657306221015669
473163943148185
85158476351120
122143180865537
174422034375290
23712065905250
119818505207693
144579504186400
584782827688737
95299090621785
811744866761
191553855455209
1331379265341938
272694345407588
64397136558602
335710794899954
70297253320500
138684705499885
287867597718482
144090392851705
431266756175945
532643904150085
115394472867697
223257771517300
599830284814120
138708292044402
201833123757565
36932481233960
205385420076388
239179525990621
151505541319940
111941950148429
94851417951205
73651335677545
147523293585032
161030976770842
1999163319875629
588048746439092
505317260648900
171232549898045
89036357952145
1875609162965858
78688815033673
669987595843637
929098285544705
331989139953040
320694311648345
465888239150724
447871280411816
192422698507089
4788234871685
5584656605122
1292986642632697
228819776411741
20452356288946
229208328372010
1208876190225005
71809230720745
26372915856754
897399625795346
101810841300985
335240430153757
290028897951445
98037280317044
424453439488117
12991117668930
20787212051524
231703471297832
88368446814386
728002513695706
1351294549147138
297286201081669
263700094766077
322386851978105
246279840959250
359982792776933
167498862781010
908112896800000
272358752546525
309823919803225
1158857293392314
82469826788749
52146088004944
754198744798585
965899172115450
28082925015669
254540139625930
1205422486364584
121904731887962
386713008965357
773996485384354
98860647334388
972791853752165
33322226543282
15525311284082
761778922651330
107135280538805
28630659483154
33857029932133
236607839138548
195391312149778
760800710498705
325540476047410
210895961670890
60522908686106
211492704688208
84623770256500
144945215441536
88068615278425
210939564734669
625499822483453
403359822906705
225827811875185
96560254714194
329292921441460
100973325724904
152888044818820
141954163020112
178409989116805
48929265691213
136992463133202
183644489938442
416884589143940
93663818055226
60091681739300
593433608403285
331972536563225
138392530781300
726250022080129
82854839190344
155402097409165
435134752341601
73058198088580
46638933110650
43620161908978
28082621083325
813835185931602
92794129167769
245903613832981
79736424090625
559190336091122
2483917380488
524735813543101
52749465552277
89955746768953
722428363475972
127894036026917
109229691153794
441249170144050
247484771773794
68203947960578
186331387464020
130686490620821
118123974830713
118486676888977
41255625908173
338692661391853
183123155162756
288772493296328
44503886067461
690126957723281
61369669188970
40615282132433
82280933867322
153761377883600
113652686719961
669721253905544
400660354792736
1509011064190442
132762441232285
231504932795074
117933330947633
308279529359969
307894990508200
535089955766405
88642744877653
398401820873253
640848788582202
1260252034030280
338148938500621
124277742723613
175381022990273
178427210731984
460373023087609
234776811226313
280952255414153
687340703550020
26057173964212
227293050400858
56326372148533
471304493622701
293158841493169
362477777012000
421805659351770
70892615855048
153158704681844
356791719919330
114813945167773
691754890668497
16962761015257
955353951348925
318680865001252
517964828386165
1932308092168
103230978160356
734984640993160
100575692222233
322952653220314
74324111869652
3173177860570
6864614917177
855518175767930
37820186810585
86297587407956
166782427177753
213433036830820
153475080436386
395983823127929
13475921290673
343648183453929
520432069352821
1524733310069338
16512815208125
95735628055730
7278352218436
23866239267506
186561888916285
180180693328850
243851208229242
61851728533417
226943726498905
218405515585568
395723362580002
67693379610370
5032947397874
837667082267765
1982869731287738
273792351528082
82943278156505
319658967414845
13697397857401
160237933894865
396094085471813
105470126915634
410464760445968
232762294196072
97095067980445
720501686160273
782253093749965
568405462962404
677305305460549
243413551428010
87357259794250
37896671506745
88085033413945
42586833454930
261060802814880
345647251051898
71714691110869
171936701183381
83842379234890
161590608250241
21358227557377
564753809194850
368867003089824
558096985252885
46813215399530
610054175752628
28578399652505
118943379634402
71634958567673
546253976781140
384166696249450
8003151894025
113494781763929
52838017224400
969329938117189
8545671922000
61445329645945
49902571028369
5514577496941
43974707281609
194002023527954
489708984625664
288634839425825
577597845578129
331428469314512
114776504677448
371672383539125
636702286052641
182756536983893
396412028456769
22728620626084
2336947487405722
191366236643138
14045743570721
152011582846381
412400444379653
597185175301101
426787960007581
31706582865242
454388469004125
37658710353610
230159115452968
6620574719540
154529791281025
364294422604778
2311542290466
164516669953192
368207251784170
81344919346841
77387591456957
124255847993744
160545217663937
279979883479048
194555782511345
139982413416040
139351320721429
1280717120645960
57160801636805
154164375635650
182593965484793
1263545026690717
243057955396042
429103983661405
113856208514941
883966536426265
912919993190532
184035915779092
18101935096097
285593898349450
11472209500405
316477469915450
417938404772305
317821280003060
10287003582056
133114638479285
352216013306249
220815398120330
341550240795101
210159564904228
114640866819973
287889525204482
236635600596644
495737204950468
206515737408097
26765704783765
1337148130303882
253685844445849
35008951358277
22307498379601
108444714124833
802786603340345
522018798998408
34525224618298
1209312722837741
1195208615953988
14095360933460
472042439071501
264041145659761
105436604005685
29185342213282
268323847525165
26978075249728
3044776714993
402293691759445
524276699660914
345129291222068
421474791248397
346634159897876
179825135961172
435374181186941
74191254656000
227015470463074
317959849800405
268798449442010
720885408404650
109907329942458
491461819870909
172788040666225
116012276825168
154012308538637
56219084699450
821990676609469
69397859661056
431645938770512
128733672232205
168019052491421
21130544335225
229612724585248
662280581127205
121961045396690
694323202914848
74762771656456
114023582137517
89691919503485
29254023887381
24348859567682
394883327889122
418526799407413
125373319275218
535389942318421
456222454344449
120200053172789
413936353053092
85872730585594
157384478040386
464803146420385
308561579670746
211294039144516
107279117169802
112515602716985
97962267212498
131784144348929
142548193415090
300407741637760
445291383399860
183475299040976
472874058204057
389521580675972
683355188377153
210561488919720
886769237770946
122815044138145
1180023164756825
490897246781320
8724331139236
57353167263220
218691381564650
803215115811433
80594785263385
107104121928037
301636135133108
146530603144105
36396727117178
12435621922593
1305257233695313
119061761845745
213103477658077
4550057450369
138488504146250
108310279017725
53819559325129
53599287944549
67196659011080
156148094768450
194291778173242
42151495414865
92050902718405
126832016758105
276025997718820
107746797452405
283617230652650
293480222937877
1093266356259298
615821871423970
233938082349362
24978840696749
338014786781961
1072401482595924
846766619658794
325807588992653
529838228044773
52938151628170
137897679204356
497909496854354
688317632203577
899314951082041
993526792510097
112790773269325
300361450344202
973554840110690
43757495917525
36008754478425
740656717684865
1066257872174696
200572504639021
53820867956500
716342584565801
82429509203298
396904915951889
514255746203477
252633647532404
308625505891849
117515260786633
50541205920592
605944430367781
377072084508964
120025840748125
226804830299953
18644139505889
204859937742850
23347659253832
159762430154925
181068715769474
75391833391705
237420169500625
319267101169204
3522311754149
261883242507605
48264487564292
466078402731530
169278226595234
401702513856962
18139114314256
31129823128105
444331693403865
107087498291200
273998813375185
203716815129242
361492289611714
286291157830730
25167438489220
63536980274321
615230752382765
114913339124048
186077975189482
250976785161044
91812496374160
146431259672690
179163830444045
869255142674893
673655251147570
209319656651449
253303922964969
261952277533033
42558292804105
23452641299828
386014231849
349579416118049
379946773836026
355887314754970
106585576478641
217952666581234
1324564055294441
32536470857593
63723794805281
504205719451370
111929981668900
628040959801252
475396542614561
438009981598450
121063733972857
82600426780997
714892240118260
88923228433988
30775785866885
161289537823970
17468930137028
1145829684526501
573241112416501
355043413674644
143255525323250
103699494891565
10743303835225
138724831217828
113780531714501
1620994554937556
195906082911170
450290951851073
337403552127476
157533080280068
71003725575700
234444522983801
445022351515625
760807375802066
790879572479565
84750262281448
53848324741672
338130443561453
47142090942164
109055155811681
355302319893737
490022623687337
125430755376105
374396073478250
476986339223200
316792770479237
483221836229525
204915265367872
143604973865314
158064088864842
1235516464618330
164334696696641
757967144746708
115415767040121
219101443681745
222004371137645
128320920499829
158112286744336
86086335747508
51438738480205
303907330280693
239092027849025
247756261350362
131729173317386
407079824233120
137118707715053
337971526242237
87599217230685
380752932599429
55894866815642
384739235410644
283399846674425
767290037659405
186816918280361
573655880066706
778679613049141
105860863034900
386036101398025
489559398287633
282396030404338
114685264075498
221959651014569
44463995589026
19113390557285
177236073653714
257838114295549
719313219761845
495767206874237
565270266291349
593552085733512
176332492554068
127513894218437
66411370855906
238329643689608
180145699497725
115247273859218
68753518651082
28472458251341
186505766872717
671206907133748
113730138473081
214503863119730
678960512684425
313403043328897
358464888315082
274303947957997
219247608886506
82403409752162
367309354918642
285806372040745
612772714216921
351069374035540
440286049215473
27594952438505
562945410730066
180974150797050
13782393259433
855914504508194
174746124918920
166119786457885
396800008088845
182378322399296
135163400869610
1026117456986746
22185733075785
497371611935210
294033247064980
328360707006349
807386007436306
69012868482377
633842868939461
191796928198049
369968250365897
19347788903690
324166201918505
95612083307325
234678104804628
232207224943018
429144151338097
936265444657300
815913569717249
528548999618900
569380377567978
372690554391700
202573680533165
383127501558906
839271818418493
28707634690013
30740603295305
304108959814997
95199449653625
73909074904208
142874470832066
532201209040657
289926250595545
20240202462085
1571015815581161
466656810105380
427026826824100
23861160750137
106499198008045
352102232755949
11614633754533
814055122276513
171237201922645
23561857718125
2361363521555300
287490075541408
355855625271325
989442590270594
294526571510056
185659390843394
153000623463925
116773321032173
149958955642084
427149507021250
529312465932458
179820374020021
25528935418696
252950156574292
1030362974691826
13321568067557
160516925899954
302837998793800
320773339305941
150429094955593
7749464397946
145965375653940
78779556074250
25473332051344
41841771563201
97971735891289
266073938592761
81460214006344
606690829639250
973897119098874
297391115178436
487836600498157
215393545671028
131118509411033
533924648654945
66155062624884
1129044245800
97739222432360
8842151064125
430382857600225
200288902315426
412598931182180
177069751780489
69840715689029
76065904695653
76635485013938
133928082751240
255974363237209
721651208096045
332606416049645
130376181910442
463558512498021
40611899731177
539423783680808
187983564050276
379324329448256
994443927940490
290703466111250
71019473584144
360092808037738
111109467553360
878768447613625
74523439368909
195404622361501
55047712332964
340257862417981
301496705162536
507822075176945
161872656105098
55290152314637
443123074714410
95648310472394
1590751264379089
39725884532410
467114702182146
65746789116570
640854710743777
122705766812954
6958653117525
2606361592885
5521269625205
69723422322578
240350363643421
42888197687653
179198020595997
274731359611572
249247857784237
114996097273733
135902371058816
74778132991157
238501386708260
279340549489258
26566744921210
207622603701938
1185571396111649
75751568219914
171363677287240
354413152430978
18742483803770
175449718188425
1249106035233554
716301075847130
269714611276109
38403247358034
222303415063652
379281225667609
98656364766581
24708167631242
363951776935925
147601462311965
504943356687505
238967941879629
67807491541732
189890837232372
59616474985769
25937298346009
110079209798944
287073877226533
5582752806170
95496278730532
3687645831722
140342729294137
100363919053941
23192113646725
50818395619613
459841702764260
134150075787914
1014220913346250
99288286271050
4356924850665
448855678552628
92500330050730
159362248138693
21053595071009
113587114827490
67390768157170
319984510143913
72792223417570
240124780261313
23834789080049
86733397111745
959935555334065
20249377640497
18123770971402
96300533057441
10388086097825
60402541114305
474279438694984
57884658144581
134487488210674
187866729035765
108440400854178
76213090318916
47890373764437
36690859297762
88399687568501
409670121457313
205422664853705
6413135208577
60619418297285
234396075770050
10372788441970
156924344806177
175310463163258
323336395643665
1026346879001896
546027391568808
186959009103986
496190989504964
449210321089610
171164280090050
220988602455890
536267117556101
190030334038865
103472072335197
272401480916397
153918377556890
269731177774984
113932453825073
261615337779080
403104941757713
110482604098425
58921094166373
253232711784925
188540702037610
120289490508101
103247276817925
272060168845061
265818745677825
226500020848337
370986029656930
361459886148325
220911209897690
193451351167090
423420167382385
546698493366804
50094922753809
51306509983429
94893779836325
132406427566370
142707118119473
45456814793077
508514094881234
178386209495050
586248809178784
663418345937065
287095715263717
46228442273252
48059265881962
39369315534665
37046090145233
165606722237392
601563186832613
53484981359813
96595227526906
167295341501905
113398183887509
882361995546338
78001991217085
160928377791010
18648327123530
323269841310340
129568722619088
3835649573037
818000617210853
238107690482201
1153791204168010
276546402493857
449476784650885
18896526086589
170136011007757
605427858686096
121390351438624
93027954274345
63708794672130
207811510801812
1092988047312317
867687690226045
422859584555825
561724894243841
183480190148968
171081141333320
19696463342145
423296738668589
633850456876402
79642372465125
586280988188320
253877131326218
354702417502880
435676832313236
63463085489889
369334713510233
227990098504429
26880635881081
535284777006842
73178915601796
491763711203488
2966698858996
202263009254090
1157357234978269
150319378722325
41479814604125
222963523716250
402949533526849
178704340562666
60885334906960
165217088844914
990648123777050
61908642613225
114121018870457
738170836207837
33620056214645
167800179046365
154170133034240
763701711897925
119738361040433
131110020255136
161741566611965
44083162512160
99776655877553
1549517816827313
60458622817797
107429902884560
225898672273677
6337931054957
453796040416322
138973966496957
291564206835400
48559898379793
634971254557844
295342569407761
364684436181508
433146119975245
831108980178404
275637698152218
42195738905405
97431859719805
467466206737714
56239778923577
184447642521481
354443322233009
88147676781268
357464288472602
522274304012660
753561749117053
209839219932105
720669345590585
58965691583745
64230826340938
50632759471972
1171996886516
285262908734425
231565721607450
23745921038825
74070030076906
237763729969466
35335439517690
32823059206978
100895103756745
371167703014609
60383557977745
469241636299421
780271074391637
274612755643433
154199600680528
166179355373096
27215780319261
605040637291425
953559760444225
50836290913525
1559745847285713
102222520044229
57905006309536
100786159358722
384611750371489
130308125222600
24272948776372
399807413933170
327455633077409
265877287762964
149446397415685
213772877982820
44611861332916
2357970244040
86555612370905
85743327218309
30184993098212
146999682921325
107222372135477
106657426761434
131111998879784
90863863799713
121334430096685
285093706492370
737251830840026
210311153313188
1562920871222330
138642792005250
183995317742848
1048902368317600
654422251405480
886831612367389
43010579657117
712868344338569
91809739080490
201231122784232
25945644053997
185780623102450
99491041193860
100513960985369
82040967689005
115249258690981
576740298941801
271178336946665
214783727202274
127210991250901
52874862870580
132679156988009
62955633703141
267625179411845
3574201321997
84429346914658
114368825312941
591136171015700
124412159624570
102665991828852
680277710380825
657022461515177
128463597103258
5485816903690
121887398014056
205939918351085
637983013453
377620678755101
109561443374329
450718917648005
991000175420845
372409385294385
347713591280345
151111920472360
165275078245840
95538959756897
6505996827922
459913439071098
151745995843957
139078777020052
189382951008868
827480628432232
772946318089570
252803538059722
343304504962768
28442493279881
475988766336242
76074047590810
1107466890649981
79564781721661
192997873554889
76370320529938
2489712924469
204613356995545
99280785755554
765338637933837
67837855509349
48285618838650
82316850862025
145298586394450
689187866464522
557412351786265
398130912057601
32600836049401
140633758669001
1127501030950290
34655668431850
434293998645620
36753258345193
55225401383825
225455334348802
221849999512250
448680536459017
346146382171250
246828470657744
173357053201765
52420607897274
176405507903474
312219389720330
135953918775154
71179868453437
12281163029666
103451021032096
240562358285085
130294545978384
442223855201680
632591563387765
1131462865364354
2896606912991741
263987810917205
36260061454450
320396218478690
411752603369120
216120123046888
434497020834258
157779374387600
62344849904090
162308958555529
134749338840917
43972896453385
101336912776613
122163213430180
64381198816141
82272122421813
393347712383485
132889461649858
288789460449620
14773512454409
211199685897177
185201940288340
30579572931080
152948238548065
76444880003705
149726136292362
323105245332298
1483074540203945
245597384582810
39354651271282
3333274451620
495286099132122
695870147719265
1237770813778066
70870231625389
314139113869085
28533678279200
168523888503641
296178001419124
204093316410218
203312123846416
125326504402621
267654918972008
616541000024833
96251938593085
1004864201168580
418083581558945
184236232643105
1438547355925
113348104922016
285935100987194
251722083924793
45735979897885
77593356882548
885288853877585
210196983255893
165894693682061
701022989325485
321319377422194
395574130472453
396113982748468
440663720325922
10660592738525
640726831399328
206491435265993
313236973929940
197095347374276
488787805760269
500001284516625
165479546790829
298554480006824
789242192544425
54940630192592
84053936234522
265938249154586
297546961245849
416187499535613
444212877077306
643151549201506
35363659990480
18690605926330
499728569029265
255632418717226
243752247205325
139611029523634
1616891194685834
163249247053345
198163898726265
278875599703528
117191064175412
2012091887478913
149293258405525
767835032556800
31743243428993
309486369700945
150870597555688
73173526241792
100492488629221
117001525177826
149241574004185
103656986812261
1158860017213732
293897525507330
367653645474538
290837931627445
457715733906005
83555078004052
324720870881300
753678472365865
25618101098580
433883352530906
223713270982708
227572264471396
202675919360836
5223104116058
470392552953460
134356195301864
890088784774577
367438501946125
773887998288193
886195628260744
252759389079961
69001886416948
601836700711369
240985945132661
133852752104992
660332519081138
96080894123293
393706103950757
173554146075049
374716538537965
47411250402074
252847238657049
1287748183578125
49797678395600
88559896228346
300207073908437
180369854470261
366655192352593
228988011149698
197182313912725
273904508663977
572818971588425
218201093393081
184134443659285
367734717812626
433276150862026
5756473611965
237417477011028
112294919791988
225887944426912
14858739397120
147810736973233
384091167660836
35854216809850
551839853977745
1012867267240978
45847982253506
445804227262148
97360990176580
25925271058180
57544437749877
24628780474129
8696121957122
51388322378417
41178702744224
255476991948589
88010068074669
478971839966170
106458874196130
55681766220650
456940197814874
223749759805972
65185202760989
67794649835674
88250818011505
330715631318410
16802436181085
653862152148482
109841117430980
1179899594492197
19827905082698
172474730973425
317803418804980
170759726450441
150517693914473
146028588007877
1920423264532
129925447411897
125873514740356
139241574116413
829481358397445
245793143752066
442493492728345
189716919683405
85526088698557
143385220639361
97241952188225
308986827191129
6139583320285
538782840042129
579950623181780
163421463602984
6693137869172
728311026489808
10054245571970
16920863927021
76771543153610
342000277023749
100358024162717
341835379106756
17338840003378
9042781076269
471901017080573
178237805301556
83937302368970
419934286606033
315521796606026
1323273137733130
706453175287450
119559824581721
165088841621573
76516031815925
117794671485044
121175817153448
861383448277749
275945713123770
398851421837492
151335031033237
65590407740200
359460579504680
429826007687770
6716759956825
591676045678489
164950457196005
80612305314921
428411926676809
811947296306585
140929140749930
296735078556946
1042421238176456
251368784577805
39774079895617
651883232967877
319860179374689
418084435984570
74297298703028
817976990539925
944368262580538
205392376443845
349097888160625
27225620020637
43809821797706
389074731841877
204946880771602
716410347847828
16537914577512
375146953354784
146965063599540
458954132509525
241358986504413
79635067014682
351241454178625
66104601222746
148639278707173
71833709930000
196151423900401
641713214958250
48290856614900
250918684245121
180231075539685
446286396661349
87400635595786
1063603000048145
387533222500306
416371663633421
669902241595365
411057459189962
84552626798240
389108498617697
134990773746129
111962077942804
191075313207245
618669696293225
110896826986069
247656600636521
1780248943322
135681243285562
280291607604436
477036480914128
111025505464397
591882678797285
685835941241786
87228746503336
322400936221585
37347742803940
687343507589556
120318894690065
521573531778261
286998622138889
140635768467393
941392365962512
358253195859194
122247398581409
642996608584090
346180631615570
273290166211009
356364421386865
223110050900225
201310437662420
45700193756452
124670618018458
394570371940625
69132268400753
1011455314455865
125035126339474
281006285912685
4779713588186
788876359480072
75907903779578
393458071449725
158714989306065
134640410428456
165153431345872
19338122441002
328443137333172
426425250589504
56532850722973
51500390902049
386343350897445
13531014905537
42021377424338
1078924893082196
57748982485745
248293493281125
162694123282525
140691811772434
324670049594762
528988924437194
718199188401074
978841348702730
67462257340340
212693719314969
592135195587722
153142752465145
1847748631485874
126085504212685
209821803283765
328451246678084
238282438781300
124100506988341
186098410437250
205150569091570
630836894196773
48247193325365
490527126756241
55602372038641
726760693820817
140395327774385
797091855797520
572182815934945
813910667404234
118418176598201
482734190492320
1090275980131796
365276232195705
54217995337780
5124705081844
412699559860240
265848467189049
189594955217457
256786519607330
96031284552869
605282062941362
219368771742020
49041733337797
158727365081185
882569120366781
523251276804962
301473833520325
102100613292298
31791199011125
1025156726944
34381735857857
135409022679698
97691710387688
53924558343721
140181925740005
269383294457338
237127565190605
86575708172266
67302594036992
199839868689492
210679574559282
70973441232164
153670702943458
336297840819665
612294733605785
93211947563204
73656972806185
280967514934725
137145881603570
82302887361664
157161759833405
694002179931264
329564675703373
98571668057941
299370445475137
8847692432329
887788104258500
266478681102421
157864512842485
11089367206282
172196380833489
227912453878114
295858511798170
30424738740925
71528243990021
163300267586448
361035170367965
454674594488720
379743208994521
1178969781309028
194452709044772
8035118419194
1535692606864
61342748952017
69153758546900
5148204201125
184391293380904
137552428359593
180516126923140
379883077124165
445160836200442
105052420505509
399697203096146
148099653123602
100883436081649
611426459200225
213458035087346
534540375607176
347599817395616
285117307951805
14519628750178
135780472774260
838735309031058
316447508605504
57011454910720
385894109209064
831788518335674
105757721218602
545591644605242
41504698125892
224629668777554
46137796116601
82552009816777
418071128776141
422957205775877
415413742614842
767601757749245
140041858768925
297352335354244
388380380074900
43526770800500
380015957543332
150810011682197
84654655612325
434817668478321
9852770985730
7982842575572
512981121816232
127099852544061
237635982490617
173593004762745
172600810030402
414861765868277
63653909411332
877632834570088
107224909525364
1139314323380329
884598770956337
191256774507441
288875996749609
148384560538400
156650537141156
20458688257060
3590517170929
66047516121042
867379132788865
350899740901125
68628150823810
5633076429245
84641868071729
374647807660033
258270127736584
412439504746081
39128314595218
14458696377476
37269139084685
103431081601108
695134269535361
221030164114322
52891416897290
229337140591145
409271070652560
455173410879268
462569008898464
36401626727485
345716103130312
197363277340304
83692461963240
47130023304250
27584973234685
621575834204800
53965923047233
2161128901325
32001939396362
1803775244360105
132379657241105
155264735167610
304525619315828
48421293093314
795436944705034
263939250126026
548071842769569
317765930608145
562893688114642
62919642389050
137619787433666
107578828702976
423240684626233
8727391633610
628948487701133
602232795242410
39805823412805
104921609610772
5339213874061
49971260204498
553266379465813
555288509242017
251581414627600
377781499014100
356241237060385
173037470974754
748307799046516
70563839363825
24998939501864
314433074355313
203127868319050
325825793341504
97296754286772
159311896759457
75182506639285
160231074394877
211372890840778
1019464990968385
673205935827890
53570726301370
119816994536912
219159532642025
110410403927141
289610739668548
11763729045113
111937096201505
855254048428840
361392890817905
26665976855200
350338880410253
55011586056704
395001667452116
275205551354885
341057909696881
25965341892162
517062257745106
980795940595010
266580306121013
693719460110120
382635827619725
277014435650890
37149612715296
96533680729021
27584664557077
200252241938405
57904232184080
62968376951432
41028776001162
245710966341625
82819707643885
790194138081946
54454267609573
288772311729469
200987334437348
459115820736381
256202517131485
1205500166090210
61363206180040
752498643702221
368659032693653
1141335370554905
769410110930596
235965920661585
107439468921940
149242747467890
395227344456317
61268079504509
489851906899721
101454737204916
156934540658746
798258678020869
182050797065140
209491701626569
72179866113506
674692934005540
93600084875625
479817968779274
587564186722605
94022802312217
54092916727400
98678033199505
12618761408345
101789140722490
440451154989378
77929137435749
189864991410425
80526350873106
360858254553578
99968729080546
3933997859818
494109874134292
279475538531152
849190922489617
179038634019818
17847910859402
119203277558570
123530152177621
163334513652005
59322338952916
236059499020805
481905907219253
759725610948425
278553349738810
255017964535549
573710246519364
550104298754193
73239368040450
243992330123400
168463484384329
8470936057352
500581836949545
1021183207235017
254750776042816
169611522378085
215928964130093
169266637253786
172480602550250
32407820090554
289773052643845
317937667155700
126830324419090
98636755609736
376978589600904
3175523308564181
110671638812228
14495764465601
531162715468708
243436226458820
191136987862025
56634682063810
183417139112077
174498112991025
308827944401552
277269017453300
788316334058677
122100066034706
638402943079889
236190956508880
113540723887204
499745005531524
78826158838813
319289938686058
282749869122125
303410891108965
583250437654173
933232419847802
446986672864213
109625870318417
108210919586285
149145491180968
49836168107620
821106041953041
43538726690698
109261128342050
65015993359796
77541175971104
394409392210964
577366629064154
438113238765077
70177446422260
492925842587425
384627527430480
382461872602162
869368598522593
25084449955456
147232095372730
239281397954384
48757760065810
113098460208653
186157798629865
218430649664154
408365952834625
40263069538690
184874021635537
327135021247730
3853599685778
93328214253385
22916280634525
25500266059860
225205607799693
75477555968741
198999447911141
18041163301657
530091357639584
187610499096992
50881324018993
300507592106473
148269982270420
686994946840813
598167559858250
168216052501026
243363620467585
136102300399993
278322803221322
34559026216146
229220576802625
1096367896271700
137173679314153
90066530951261
559015690142864
395437938502608
102993491940737
182472758605373
318756054313945
13722828236378
329516032164040
429876921106538
108069563489218
273416656423720
101744499452306
865009940029250
54773840982244
152218808948116
247566075492866
170372676788324
50037512772609
343993700315609
77547688677397
46002669692985
81073352627594
598903064474980
16587427511489
27141458835509
254309876975345
635295852202960
804693902066125
211989151091588
441772126281853
291760961376410
67069664576357
475625765655713
390001595323861
236052208391554
95908287610298
30939854476562
327058874575721
6837686612037
56395082926724
246265621716769
440246344778073
327004577422729
29624401475225
61895489145800
82558164552532
89272834449202
903371183039209
8185818429850
364211361982610
104358287585425
16756220650369
357885600212260
367170013355764
27255751735552
1556419414412980
759895652077241
1062851636230024
464261259986282
95055067486409
52208545711466
61891452014913
546973621979434
11391455587753
189109849941058
328489969014602
868598905621265
207421908925072
6894506949300
22596034710049
183675598359332
323109134259706
119893855510586
47307098245320
167712259263028
857232517270109
641384301002980
45489249806800
168316244161949
1009093934799586
235074379975597
416120026580017
470257259424013
587260027458925
181370388941405
2127929744474
325163886414146
416292742633577
1281423106760153
1197644017259176
42974063907076
52008713954933
22164916861330
192888092385018
418163135067613
599925976760305
318187539532834
188563840671317
1127935414189402
100186034489588
570883312395845
467970792222266
13688478936754
221694449036372
65288250277640
17212404134241
141086371687157
28296724128520
698113597340900
134424995448041
27494564209873
366100126727066
882332082148500
74612332624301
373807048560525
478113162722401
177690497516296
188150822869946
37112619461066
49217689529117
163378033247897
40901228176681
300815964412816
219268440182116
151799258260114
273858862387725
249416740321397
134337455146709
163085581063082
781154227093941
430340457180097
8045293514645
173883858907808
191209183521730
265221586766258
251593183070825
296139508495760
270279949178250
420024275133453
48165056484001
130220458229725
717497736925028
176377418139325
630650649469921
283121370266749
458067839893801
671722091098573
948738342971389
149566653719380
367354010193040
453694508504026
213329722830020
208969506447890
65573661033689
355193527679537
176687635662685
505664405654365
1074863851368281
252027217021640
280800736075234
134876566139501
1798325665684901
418481054077378
353274547263620
96448482514861
194553832382365
62455063565017
263034545213645
285668886569257
95149623152546
24380173171562
222050046966353
396454727030258
265272564036609
17040688444513
325122335819293
232132124093609
40413826903433
195025066515332
39693365804516
142817926054208
345021943799250
229878488395280
159423864442216
45770429476297
166454215650722
274668428432960
226270567939882
39224777951264
120452423570681
168008974609169
397940458264397
641789198131709
481134338510920
105502823660378
716092571994145
443898266948765
21929186748610
191146642115762
42074832802714
56017580573992
176396180532904
822053088338049
56834062948961
44941416877138
220376263032193
14038489683101
255071139565882
83124634501129
457983964545013
264358713528680
239366966705329
65932490773114
51043472018794
264383884136425
44890025845328
789466121480986
137313437356765
1310995071329476
403327512736340
745614470233093
75880785471845
1134177487450740
13728689025181
240283290848968
429137770091186
535283069219300
76716598037489
457525374207008
1723258949585069
50115338739602
522040537331333
335904329754981
372015492613858
405633474808488
280937721130114
304799394782570
48129777790964
353092666361920
109417035593522
792818595084445
421245828827641
345897932414333
963331989072874
156329464364200
537489115333469
101253708980266
666400174076129
242566143894065
353220132820250
213044592911818
122741583350698
49550682332372
102827290904722
69446957289309
166265907030857
61867601759912
161510549619520
968874131086066
372008830055405
396480843553824
141729670655173
34308390737641
41638325256293
51707869666909
455745439760500
351589789382148
45219601273288
181946929117937
46649509434018
32570711968769
37970928761146
65431909027304
3144098812037
88024178974925
296456724593665
17745164495285
17504307785801
28626174569474
240083480908385
2315290764949
99979982466293
114340853653000
158567723115680
98367298018258
127356066985793
886888195231040
82792137044306
584462701338233
126309519658121
143087184464209
439654103279477
60476720346145
1018910312055380
235324587844730
672618947384936
116839263230989
128450096502804
221681724856133
231115136858245
480594557214900
19583760728628
434389124257306
313435834096625
336702599493588
425803982345300
654209158676697
69733053809189
361512243770152
223078243251860
61234843935205
117979560296858
57287890821185
197802788277673
490021412204666
302837835678724
198414005484649
485784879833545
25021848778180
336711266274265
15334096018865
239590454127505
397001174434696
653505934014145
622471455606397
256602130526194
508731771893825
445366231372322
146552006219282
347201999238152
290549126386546
369665272556289
374684522068328
204498326352109
659047889407205
66886483757428
425339156262397
663232642389265
1139954882285801
658937422224497
169845318428938
355619108877028
236528538181290
191804618628517
548961984545837
318979139744261
72182052019453
166929785265149
346232069403700
200148082449298
203742745272020
96266236770394
413025856478740
329850554017725
129304120665305
213935621878048
70771622606368
147662135118074
102956099314976
89399616243793
71756480289064
12496670318389
346169617294978
278064687255802
167682111129362
422810502487784
74270911714333
576597445568570
398739783798589
207648011635585
70023592905685
354871431995897
234865510609545
98574644442400
141461421675722
100849241538362
914220886657325
151827030526649
400576201706756
1184861331217610
46685507165225
333804002864293
80371129907765
165235220822029
58517111156557
52213564774757
209189807936690
427019582761397
266022283954874
76470044816420
73738916210464
147823442665321
316770416980289
38575255288100
145444225436154
247097275437778
95040087274394
223852632511888
76805013419168
183366935672093
779928510699026
26766941112080
167233807558130
722380814437061
191917016365930
26423789953626
50292027760193
553531250431809
194053725113012
98609077272578
532343582227469
237943847326018
1189940729463261
290307920439154
760426804871488
4299346191565
446303360099477
626708766480050
3828480763690
114353094218261
250962497477005
141667936153081
373006012608400
157494236871177
545790887962954
10720137516010
47688294495617
173045617653236
227001561037610
23767519948057
74876368151700
52319263444505
565998275011733
176116383327053
282086950029149
384841226969357
627741915352661
269244553351748
274407090576298
1847872630072226
301839429612122
206680768898452
414021245452369
211209063995317
112647342958525
28109462442581
159176065416925
18455045505013
262997821447282
136789360257092
364596443920865
391759753953620
806601032915165
244845959794064
58107492673586
21687901861249
396013943290825
353275233952
62624508206597
16237328116565
409119245563333
22935533613844
122876618755714
772582908528008
327938925697552
155549900058569
1178140671966628
136587792409697
132078172228826
45889079920949
59187036633514
1439670442730
17263423087060
29052319331425
194546842105113
83692408905802
229512113443600
7096540645064
124194508933437
58786338234170
27600153532921
5143626858010
78974494258402
405486687353761
7406645395493
127525539136565
483678338184577
46337562821882
267988055842093
113438333550400
38472213194953
2745340822250
403102595453857
53828978274018
274121103323645
134225467146082
380029130009594
50375203419593
119499890248082
34782446722682
504478649382725
410076264709376
78002022032513
8477111769349
114837046458770
336072906971645
679681423458045
555809600877770
242650742106089
551734508376218
474726714487285
155121540550580
305616755538401
13384060966874
52033960166297
225757037296765
77462300117458
31697443830337
105126884542585
516925047934216
212649375728602
116788705772890
530651793560810
169335387207053
75069274959458
783420155265082
553324584098786
1013572665793225
1074098720752916
816726488652586
963035729056584
105215025253988
159061517978117
272705484577832
589292722539053
82426893222068
115735708069505
112242364797217
65961205477957
410115823265657
37207990089800
906040595974397
268223437043725
196292899739300
551582050454541
173682729546884
348869943119133
373225237456165
172366958678005
404507392586645
16621362873370
537940988642669
16967749588469
152284042764818
98166634704829
12651375879050
322747172234581
427239384534404
81872206054330
490717457011220
169023268899965
184478481630778
5381691633905
149364690271760
4509199288250
235464295911850
20486411922553
353779640478077
86904989865161
205115849617813
249132576049109
1772167480929674
14486124488273
5498858671688
106135408510069
203533657137317
63881771038101
276730513540308
480904870387169
280540538914410
302861124834322
61415319128770
69116538110948
178195407240500
136864631311460
449295662509466
146485947884200
13634966039650
323048838531337
1307878626122586
48330237192464
177868129885498
458347479026373
695882312108836
67388349868333
793729706182114
281973296824468
501233361393565
1011146532760520
106489601625140
213382832432020
510161526366290
336119752451185
54915071474677
95968249985785
671313440973177
215711646924706
95225355085586
312527643482185
599125312656545
190487826221684
1515122619600538
384032877054741
391319923814713
381544556167540
856933175082602
61122084561241
22108184562818
134732628475378
200047953905540
64510389424633
165367794704125
78075592877377
98843266785778
17596033364533
386054858160514
262778681896978
433719379665293
14692833732473
532739514789425
155908223423170
149923176127289
30064049154256
32848992084562
791259716092145
67950364791157
123952476969673
206490247781536
191076222365437
164012471138861
12548104664674
48679905435129
1025122560433777
121864051547848
277752385221218
80030991420880
248549068825045
323233675781264
135300064644362
114839578925882
292139449387460
105416190468853
430090666952117
496637433779360
326021063211220
118641302515700
342014416919545
165757161884021
4038725654170
348980465085865
39275303662729
231465320931850
1353995540918050
323135614436009
401037051086789
12427001386498
145638823796833
52677608640137
128170734792061
96201074992885
146150355129106
65652601398233
130438259782274
281081220959061
30041313573160
63406570637306
218095432142705
1031726819876768
58908269982373
30445498420978
36318823017269
344041919674205
338433658839185
29374390736525
40336423315645
612670697811037
1261021436769357
51188376057521
877038653579513
551193274276525
79829231013608
51236088121469
80272517459177
367701031039465
147730929187673
93191862686834
341348409067157
179729602086530
180813319069690
206099622884228
243481836411001
92472888799556
227378176105525
215090728082737
513609461661325
117503198768308
129974461721730
464089770888237
357145703852625
200778595334753
410314478151826
526064587394914
175641278427649
487012196558354
684016878629072
126289878105037
464661592500122
173006379628052
326961233978866
133159339815970
209483914828304
322181080533965
54235383268874
724448285627188
154961607229417
103336630698005
102296147479313
72722366280397
429492147667720
581650214985365
47373197474381
2873304125765642
17003117603545
732052404926602
72481002765284
112077497453877
596072502760293
339840675225097
152220078771664
35037852387449
78369322927673
181172359532522
57373767337885
98740730271573
365810768338625
169942139799713
136774173413044
456501973907530
17591719265530
278816333672069
1835283538368970
29689673691173
1158497229348730
905490023996105
243179203016425
102406645983130
388409326990628
40972021537013
68343856984405
40552825345201
48970549014777
428984553596930
301342699621252
218360890086740
382552943907368
68392463922241
516233564689860
33784285519060
53418367942010
336453305583688
523969503145321
233536014721129
52456000653530
61797199903994
484100597185101
384027210275092
940340128607170
14070002889325
80613954005429
327316569049088
92374170538676
799286024934329
478506330232193
131003029360501
142738539962897
11741120107093
57993845851045
28597911574689
26511044529370
147720362115650
119198441574578
192384152939600
441030442292905
24198424320424
169898201632913
103166359885825
327653941144745
22138444485994
31101578297785
255353267723272
18929428711450
132727987299925
535857979749082
164218218872245
295698582458082
647861667048050
547039417200097
185491884737389
160435004012946
139167140307930
493619109273265
333166109444104
214078760415850
421100515104305
313788186450856
230949147890333
11386341680922
44360387002949
112546530409261
37280079716261
242418786536693
242111957386064
235566754198229
770338285174250
75727299716356
58665674277901
340480608369416
910154098020154
25437700459252
115194943203658
41465746070010
164889375008605
199515299301097
944946232017386
99504212760361
514414972092605
4177493681146
69017118973200
376865674646773
4476559906685
42807406237712
94163905018325
46017470353193
5564187619250
15344022480553
655816883712805
244292267954146
716729594314385
13069955480500
153766947286921
75642538033220
168480296763425
994041966481268
37103725398629
332669278822765
406166195282832
566669873094980
638310595718608
736376912268610
1400870063136157
251410982101513
368146982049106
50735927879845
370861142429530
469064797485525
338752954708040
962191504616733
431576296937810
266404063510440
198807199731178
714316163725277
49247205161485
1090919499341600
280129255644616
4976729003249
153587486591201
792618083064145
48141991595945
1113436296620050
1647209584789
47579699728557
94283284819024
27223480340050
594269963632456
5670747921501
235293918475010
284027952011269
84591481588114
285261289020937
118787163568105
77989170817000
333528094282401
153625053210530
390542422820516
172921603736008
367601133313642
157708807593242
285884032177957
79341094272821
81662489767253
137585228538917
364864013230986
9294941833634
11593036357477
29293696147490
164450959537192
96691306844368
416913270612890
180906499242533
131784113492404
208658345088500
188153186478925
114960430036616
875151450190042
301416840172085
16261094252153
42056054708453
151641393385760
155957733420338
245612728789145
187693366255405
420465304803077
358862500337965
439659835437706
206811352845578
458742408101381
502618409341412
115558677518458
156604654554130
58120980645652
239848482445273
215121918218696
14123328504745
311292277398965
12177304516793
1547245819090
63302968704173
4106262963853
110429579375033
5829461746925
36477195609970
404240401933229
207145239774241
96390458815412
21367080611764
2517404019925
1207372380995633
376084810310976
62950668340072
54231039336393
102874143462553
149733718332029
96371548377653
118662226787290
118629926473145
685370023477178
22680403080745
403398960574130
326094694775937
65891317171829
23504834710792
96941545619588
71683903106308
150046043769736
534024127616330
60772509842777
371931303889570
262479606674653
200908257737850
1800544261364405
128606594170513
98585369402760
641469652094581
517571926566100
446410988322361
110404452974265
794523124296826
179925870449588
1530763027739984
267435134121753
110963487010465
116319410054026
72271266914633
212622418298810
118969063037833
277424800055413
75758421150185
259302289401160
466402387738157
635987508126514
120317049303229
71959675427170
230834116245914
317176089438730
494975732017833
99482733551988
235514512098900
449083908413053
2758457404130
499848721883541
432023431568545
261734480431528
348564572935085
24758414507474
147034169123546
209667859326445
125249696046842
24759906504581
684400727872936
133187071927013
67369160607898
379214611271840
302780899450445
80151223848217
42200077332020
275768028936625
21951153967613
195320184824525
561717049713920
286030012604009
58667627848829
198332201962033
262149354791921
533549492196745
40882522999433
211450174767610
461625568045693
800850302935636
739053415169165
244525585674266
90192327278373
419329213935161
40513154885578
395124555228685
174925195480033
475065233918001
201478979940104
244387078791125
354435723961317
248621953663108
222951998681441
81986514474658
456439073144608
194190842231018
396483416757136
44269293984925
36212149062965
340650656382440
406656872236562
15325988715658
281802370982800
452939438053258
3951765141768
55308721854800
19614607591045
1158827436899938
342392046823865
62187147151025
497897179586581
604066201296017
63058332348125
182920949783240
765380802920485
31978276207802
659750793043536
278625908685241
135261308521709
904451997662890
16452601969460
384832901044997
514250111682320
551127922044869
166633826392744
414839272227130
673927964204500
350914023615073
3474750990842
842899311870205
1448773354400
218568422592209
138770546569637
44221988212498
18552716851770
254633065637002
246372206109760
33211908305000
34758458553373
367109577967885
742571609952617
765106664445512
17228453862857
215201527643889
839288920671325
464644693278281
253266782871973
553991391415129
282298470500402
253512365755652
196611199267225
129522624524618
641486594345629
186714333168532
308695461194485
17839398402664
281146433422025
302543120715536
1010482636476105
11183618809544
769562289719330
353786102167149
168599260611272
807196335090725
8603142553229
224346138067593
36106842291208
26307754192450
131880717734274
162265214672784
1771756701121768
11070037501333
107141733137354
166199122302714
433966160318858
1057900906410421
711530640282269
228657564656341
1159191313312456
488326691750301
144988055880898
494218807190210
34893515369096
456198817383154
13098132546728
278232405063290
109075446352105
404603055218314
77003147592746
53802817222045
376373090977250
154843582967725
404022378819541
984697230034570
442051321249325
199102505796329
353760858950866
306634056149945
321730583259689
87808554011434
721117540225025
70203210755425
217002519414469
705924935459981
75338307103625
1341923837844232
102864557972474
1615984654308730
218129628810986
44851846571946
176871270330514
730813035438473
713884812777613
177414958527850
45650145143105
143464547933725
422650242600833
436211388195304
11671845795954
62087210943325
455395142009833
234348918238370
17074656316274
241720117404025
194243995857168
288790661170960
302716712742377
1242502212979373
278316686537248
17824030165985
177922256639354
175469752943033
59998266600889
585946491884357
376826791468180
274497349825096
307766947724725
1313296834039177
1495399350455613
628211249677160
714519334334324
570911310140516
12266310514100
308365445673338
541799846723561
226218683973490
119479952829137
167151670663226
153345702780029
113341932140968
517993835951925
154322703124138
312330390477089
15446720473673
43197280667881
80971930465625
596164311299122
400349977127624
3405464525885
767614355183042
29450204736785
63490929254900
673434289861181
168488489661224
206060826180065
1282354951322
240196998889744
208101585249440
536923826793616
81596988829906
36515688565905
210091957209901
5274722120413
164593900081477
481939724287253
196294760796745
353022817473685
70296221570581
1004763421848434
111814342977690
225131600817505
528119445006184
85566788055977
567959370226877
15109024954769
211537551385313
361248386123565
133360866493633
22269405137785
35155146456625
4538022704450
163271108782426
234276310053538
50671311218450
174495800747677
1316353517269209
56590680639104
222247631837401
410788883960900
168003666251920
100446713487440
195117414542353
651403266693316
130335065266577
178801231876074
24510007988090
559853521060042
281022815931784
426480557713129
182354488859413
6370436780786
169132541241541
269274548064554
15505867492378
140070231462745
10893405184456
320124631990804
1110737597532034
51881793280538
243862912109441
837884045242997
344645396811250
608353905662381
212295398711258
137696509666984
181936386452740
382412191637981
183585064692353
198968200692665
164345687478340
87901210981737
237695770501345
23445739055245
151072644149885
57778567463840
483348030374225
584060547105314
55163035773801
580139456003482
640050060671194
310562324648465
201534585188765
278590230138980
176374599992930
34568054489384
1440034850605937
257409648593981
559867069780537
50286490106130
110060270542242
513494868809533
714040931350753
108385947221409
367463588705705
71761294682114
123771978367402
321393852201274
6197966123554
499701272775065
874628386866981
116306583680250
169590375621665
368422511727589
160635807003060
344862495962564
114309324289316
421141177525505
106528452357461
728642121091765
30472974292770
374365915076746
73172736479837
809806624235600
395074810470212
289620997802201
233597138464737
55342016997241
343305171483250
198009195593821
122171704638281
71937470938133
74571847899869
60330125629717
70991340448330
214393982825389
248504308718353
202516541359393
214202120184818
6448870032272
51721205123492
17488123321832
1071469805380
239207565806525
426537644235842
672002358741085
33166504508644
189521780279837
47007278872580
178185365054905
5999578730801
294330964153588
72976274443701
1395894891465
256583320796818
1024267409973977
33868724633209
230965096553024
203975375616810
319754226651665
70201498252162
674512101373832
155458056761338
536490406679077
787222089087037
138172243919850
529340688662018
67527653142610
311804223695845
424725034602546
651137019339897
47771105906725
16651393760125
1064302476238880
846592124827792
458605499255149
650157364567240
118781969112424
134817840706292
162120872281586
91832683120765
68267229543250
199595652551321
592793467138058
3312168203540
242647218669245
72328787597725
123150757937461
466736449395421
335485035957941
392757451732241
220849169639017
51144492193154
426517003441813
194003787316165
212164153012800
163582208429485
146762093276356
246231903230345
881731678206272
132308289790013
195827670158653
315678120269733
452667457925125
122572558626696
2748393224873
16270691255757
459402314012386
91370228302233
190471934991049
7528745563124
177295392753169
158036142897025
348139601168085
377456555581300
116707776866368
256753666602233
546013433081813
147786394571153
914972913196385
743153412265945
444555423924616
110270184456690
122064782713380
293374126535345
122331952596545
181911494366485
122674200289040
591223891687650
369918679106290
38873789892900
1112590094268361
518558610050234
102057308350285
220780743877888
40448974162661
664636162143652
103147811623321
180959248873805
122912730590341
42052554183421
713537717018605
266990049409553
1164703450528225
229567523443970
392864808267684
90176559611009
135197116086922
239239305901165
1015404590468225
306836103487765
269415918976090
970483605079805
12971003387477
387436710739625
374911830493160
58997860895524
407871581843492
126187891155890
499558202672770
85113964776992
51885215960945
58657581060605
382918322913506
210175788319370
228773444853064
130316091104464
19614945003620
355572792417949
979824047866325
111783545091341
38137204255525
1171144314232826
980773648499597
825620884460730
68182367859229
112844413051994
120593656420525
203235951448192
52616824581733
425907734009146
89321002035850
367446802023450
134950767509909
613422474324980
109746020456608
438230944704032
508976508236996
203504265788085
743287150002218
338249928985829
252631696915280
263313825642445
138980453158816
433635615281124
177612153556477
83506849545517
767611236359129
270476353652389
399882093061754
18424996812648
938116160181010
83429937753221
105343263906068
246446603337805
95180952968725
27054842947208
551294079070937
22414520426765
1385600574170345
246561619631429
146591297697161
162105572803885
191017547934074
136971073527428
236292923375090
3514348151721
446085690407605
60898387208354
170219090182945
1107117033782905
205929183965273
477008858134261
1945207376599570
324463613995105
412829521152200
19908689887528
708424890408370
232769523436633
431753784371722
165048103214969
127172739364840
68209888015125
92752051360781
841613901360453
22414528854224
452894179240057
51099747362802
200927819289985
121273766210713
32389567363645
892272592098586
552839063555285
153857176350741
253453221764840
49149574271113
488212960208362
101676840201785
144656558935538
132424600285553
603102872978757
447231851059690
335391897855653
633711087002717
20803667946797
154372146797986
999166998549469
1193678527739737
40426172095570
439999639857269
173777498872661
30603147275957
197913476934216
707677403911712
518134043126674
191258671753354
1032159954460162
152957575788210
156429562015170
334907109646504
1028148327054661
419973944493077
223020191490245
133924880640500
220040791665696
13082991856505
47293343536577
514321499659613
360514094613210
183916877974282
197880374266189
251223486528820
174458761034994
104263587130621
213999067018585
303096184651017
111353412413401
73309976296393
211175105918545
87503000306674
175507485485008
7847781300253
218682295594241
61888075311365
153198004324850
731110846205525
136901855732557
118735938928260
670853595343752
144359847029540
61555239493381
26619708987169
320961434371609
11595999913681
287079411342692
60187087618285
826560916856330
1262641155506820
56965369856762
5049012483770
381232949783537
315708796042722
285514032481236
42998823931284
639095581715300
251830152981929
19451660945012
232905057363533
76457449388290
182662497866725
152248881716242
281290644158618
62391736047316
1240693244413570
89231745796322
379268897838541
345711645828820
115525181591626
220690247719097
56454389274946
47619761975496
410395446924669
137807534139080
62282019040985
85770141324228
1041236133205069
467349294803130
231860733751469
274543153836125
57358130875994
140533449530290
724935684589469
465332049392913
147417688560181
149944772716192
397223145726565
21768703709141
287148573490340
112121424538474
413972443713872
269071615838845
117747859966997
546643540411090
322626175628180
18797351343965
306395721295353
809892842160800
541758625343504
281753354543665
192239193697616
368854900836904
98023480985957
153933523906201
563309066955202
646340215323304
223839381988069
58845254389792
260484845349425
312782768055697
160245210104308
405256254739848
40451704920170
20174426177949
338941228620362
60221909718605
417320028658325
401504585265220
912900060722858
36875281673360
13441539904000
251262432588194
97304898883400
406844820816437
819547336412549
101413972213457
120136186324688
633273883364889
48869274424930
238542845193245
21283851565892
30013726404065
355758810229045
225180344418733
295847240355730
500188987887048
982202198651469
2916537135233
41191205015329
414230497643713
379594312225570
222076400841010
245417200421842
211541666494381
297084727245125
235135432630964
437675002417661
293203280978829
202655648641025
7494003650536
90477182336517
32636756935204
362917902789565
241452969423172
75041458855304
12211617830980
96521848686962
599972625827450
548717217974692
19698027038633
7211162650577
601389988018625
345891425787904
480593119686733
358256676280477
225937047790778
56766594762441
200807541039092
602828773250180
194833889602074
6806290121192
119012715849226
277890305818282
628448178120464
16256540488061
290331517069568
36248856612538
400908705017000
143624218085114
815784741713905
658245736157917
631300612953060
71916703881533
281661321491434
636266747323845
366443033591081
421293544165316
730601459446757
704747908954165
246599117690906
178196928859370
56149394944690
74250134189684
39206917222154
105447674598125
344215835305249
520906546417325
374519563585274
834299635796441
525671675439794
828438407013762
233940408998760
94416648911050
660825704677442
185072168857105
75360306043213
280079488198045
8652281499709
710014072962170
61131775889108
649271505961457
40067710137353
412452302740010
119709344879786
121604086715668
108388305577505
40746108404682
280958389198992
372741809240173
889065347376986
190374874131389
314437702636324
2237971091193
54876130353977
137454440774116
88451296368026
218085539815970
203107637503973
516123761405338
474751137513941
464386246435445
118982747578201
833862097726253
371202706325156
113559229557693
3724589251225
45505094462309
132426071457826
20004457682365
718100128235981
436469969475781
89175015618849
87422089203433
39308785877233
268915718820229
583175262937384
640367897324954
196710703133290
397233606334496
227160885639124
213992451347509
153650118779477
74468458099828
163466033709960
416337137706866
30595250561576
180832195231970
306529255382948
184156017760370
59876757468553
59612340814210
232274334454733
585490313162225
78799420470536
193876438970273
291842275322930
1173169948611050
1355055473612322
74832758584756
519147373129745
376154455139797
29721763588010
1107259104103120
134757749591018
216104399233146
109512765010138
1066358716318925
633461644988009
748124620747885
489855995964008
636295042585970
131420470707994
92769788082250
145667110602856
113528407112586
623215701849757
841527119583956
454504075396001
432508980398980
244718090540986
207356141337424
371046203749300
1104347118828341
432294354728393
236568782721361
31348044463653
245680451331380
137716847013965
99004389809194
268367409002312
8483646581689
146374662891209
370658563478866
63860378907749
192887921408530
8223530861185
30776185381604
138963551863625
34798664889764
1034003871317213
76787801023705
1572200622661
163303086587290
145774243556285
423076845141842
256207095581300
739598932091170
153995484384450
281850415162256
39823097482305
103247431164589
161885423774020
228525682201921
58149334076900
374405170194692
237173990796041
431792780822674
1180671872011424
256228389463285
144639888485705
683636185126709
647216188958792
18444490826897
140003380094218
38478795624100
60939036699712
598749381952605
266952004631509
342350070897161
157442303274514
34153535158657
12951624634658
788112019179368
380705600975789
831178052922557
120442072506425
116051496494485
39468486460562
828100474958080
243078554486133
239045539342592
556661611508500
265070413834994
188823000463162
623537151181650
939166053341981
60866130963130
203408463200900
45977920629637
472962289147121
41522067909765
229549177933690
130480918319636
393625438795170
130571918939108
311176540423376
92582857927936
6192935443885
286181114859649
284715659607200
296685464325562
260033726221072
182549814033514
65523316100002
318815921641060
451615588943976
239808009317661
203766808650205
105306861723706
2797140544498
26183517860081
327545597467156
617613155656801
138483935175240
25515940805945
447569273313572
370323032047162
129336878882538
247566017437586
172007047677730
204967034158720
86710812344776
520734821499009
112434597578234
370896807024378
412602020001704
348268376148361
389382773635378
53269135372169
21465672704500
7969438567285
379618167502216
393097255485410
24834056493149
29608725026756
125018794381538
10648127960740
562641298369380
30050177120756
324903791793473
32419359518705
812578733538100
173165611542730
20002065948065
970883681345
80848392776080
38291402312626
509654598795449
101532676219637
134781530802004
1183840219826525
741652239117689
485241361742618
24396609364180
82422054879445
288294142771528
164258214030497
88338326589512
62928120591250
107255692325162
1045858851043885
223530207060625
594991966123858
485257015971281
257605577278565
23077851953074
259700582533805
792116371885393
278323617535585
6363678069332
15799588895602
37927987035130
440315818710833
767770830441290
518984392552964
162141201382130
88592593331090
373786738077545
274145399207956
311934089607505
90399865574537
405658150639633
91406764736660
18632802881845
323958693652837
180923936168945
163197745666850
92707371149732
54222068114365
156147222205405
369634984413829
65309394015720
73823709781224
314802053867017
763440226574056
637864146679194
1561290355307269
372522853657001
265707660019700
161111490307825
136309051829320
557699376255818
262318349830050
14550046167037
103675387119400
97204361709733
428677287043490
1020301665844709
570031741899549
582280260466577
178406356374388
6499310623634
83627901157289
1178895984154632
286825028349220
1879116081530
131555330357245
762368370645290
367107081554329
84518165610193
40419833844681
1314182636229185
994759050547925
420213274756354
200635173735300
37406160470048
838109136067684
653000094612917
41826602955397
274896771817277
104197613040133
724227276838825
907458512626730
66725292727370
38037931606069
369934618448394
1039214701457824
360542408071337
58432583964865
150265506744653
78287086548116
381757554121385
338488400083481
39036240800514
21084429359033
174997515573466
584730348861188
106979906005453
1344242508357736
1050552669347053
76086817096069
119112716217428
628191152255817
398365057026197
517388072583845
229839463287569
1003631750462042
90239015696980
116697047728201
48180120937380
59082696293465
128642897356354
11520714136186
78955393214413
296927258112612
476118412886180
1640093459321426
556831392988005
77067721811530
548472168786965
129992225079418
178475311583986
451233863839517
547835365742453
581893626513529
85671109955561
157290805952233
31643590680274
294548414130581
509320977333610
210571121616833
1071565211933
574711194006450
142257757725200
70065344850850
324857159136625
76517927300789
697891089913489
220611635413325
74650823943065
1020151625696050
201818505764845
476392843849229
8415239269625
156834007727776
84784153588346
42134886952192
151296299763410
30853768972954
61623843392002
217964439647552
50975209731668
244188728292500
3203744096970
574056289894928
174673934912522
16872656201476
436769192905929
414788714028356
18942598619477
179318324733344
901855904982210
55174358258644
66093123622250
486942816063762
615834433753570
253565120986148
27546126237188
355455713385785
140285330725840
72270089178704
143894725285337
179543131308593
101237664963152
141707878998066
237367005754709
26978942254900
150905284875722
459376527733633
403753363143968
164489705875856
102181055556042
574467996725338
237235698097313
480442833186149
555997513909825
864764918524746
213770354988922
230759316968552
2419360194472
286282790122921
33859691403080
141570748053194
267210069215860
129742503663368
5482927627840
305692896744298
17077174286308
425146971183120
45959530879453
574000537785354
20494331145181
242633462285000
98153084985541
93513682739300
13586993615610
106058333325325
44546216474026
29139879552584
274049496874000
18703011235333
377475862162901
24847990941140
325626742011965
621220024154482
38746910200309
281702996521897
102203330421904
196225234835741
224725015047850
79023071800933
336520619212132
493011026090852
361292306542641
406665261756740
31605112386517
381155416435817
237640048963733
938672714340541
234993050592098
200241550246250
427811664088205
190447020105121
224611357396346
403550245455370
13915407952660
75075191478085
231824638874842
10975783356772
266587837561748
102948475443193
156525318040922
481848620743780
168270603298265
876438464501458
563867088791074
122714197714820
326742679393709
755820941556449
98744960077556
186625729507997
458484961239632
618786099907924
847982288548125
67364753251970
109386920168441
450214558802825
23009820203929
424045407919761
287756334988866
457431914866685
353610281982500
1795903985498626
1448732223441
307210046561645
20472199660625
163579929350144
628823032649620
95019648799393
1134197271540890
302870147976050
279382476131109
1139841492539642
284450686003989
52876567001141
108683015062201
197097218772836
635169886279570
188707313759353
612751276202245
234749663561561
1069328341873269
364932118455130
70717188044205
260443595335876
488716450578905
37466626181597
31202897293234
654190481943496
116939443176634
638534219392585
14451316202665
45201390825061
509690013743929
189062604294650
1815348966873525
332758246040026
615364402415753
1239192767688317
706348549736132
906169628407082
252993374025193
690383821294009
172817373717841
548669978496905
284919384396425
500286438083786
935051608941584
595225077880225
21913033649602
340993352688677
720630766642130
1138367648736005
35660860334905
44809982972725
426473200748808
140076869107666
126107021677856
374076063906109
226798431204200
207835474603040
2042796081137717
158871486495305
27237153565037
115469094937690
305528162525045
45866061462610
14565353619965
12303218654857
46075701848488
299133020188360
72905135221594
110877632518897
64163474008498
293821258762405
977110600420553
64057762611146
77375846515717
58606588678105
110681861659317
644087008908549
351302640037637
361775767656593
3130376123752
225640262565812
295748535659642
723683926775573
177278251247981
543485465432909
790493358822066
417684404905556
1422363014304569
4221248380045
127386329195428
100757681649946
166602052988069
30234718535332
81989904967189
99973246433960
704089074405960
84757048611701
300873881986954
799792624197965
510990360580773
537412788149261
97473913537613
127027356802768
197264632089757
111537164802685
739892491407865
744382299993770
592748009663890
85629049701812
317122826371650
162882370281668
926548374818909
116562585608314
2597164438777
454260779585962
12644500037657
436252400960994
18785185491641
794389304586109
493525709645812
88673264661805
28543104745376
1089943352173322
21804612191578
312819905528813
56761700480305
569451241550965
1038737932131892
591327050398666
116532475985384
64105547734301
587402709215972
61083192010280
227519767559825
311305117565689
670015294451984
425926882864469
13372186198165
376896708243289
740638766143229
493226771794241
88353628777360
447054273510125
565017130753105
829983406596273
319621835611273
93765684318800
556745130137386
67914351117769
107882983385469
185981833487168
422799310255264
137511743615693
75372316893289
1236854953745357
131833499793125
786398280877357
326695840054420
85404581788090
121726407184420
322142526610042
487977450218145
5938445257537
178752240825309
90785266269769
286126728656756
53696743360642
349186313224829
277756814283917
114302826611524
208790419318736
161071715617605
73140753176234
56403206977909
28551363128405
77913619598377
63403509842600
429549929299976
253276975093608
240243964138820
280952307326281
161855742999154
35515222548325
499179242941625
122871398308690
168392062740553
575091771921412
76317882311674
336370976591849
61734796298141
84174473961121
111825759282080
96131643927113
753269328770569
120449041147188
185047865442256
581617524004101
164023637011394
598319605629205
436082037261722
424977494579809
54643627522234
56944312237325
34415371425460
579894858155012
516030395934322
39781153587092
97854662047349
236096787167410
689494056981145
576033935623645
174161864189284
170120728814305
291186895965344
232965710811730
351039276204745
592994825583242
1882895285966080
95258017890260
170985371286293
353941864421605
62446629741128
46043882368205
1034212445128549
107515241523509
3748564022760
167970590867362
87603719640901
333909393701650
58130623805057
517016235877136
229815210791074
298643753284388
355526914075765
5869690861274
138382479723514
26681445978349
49181911348304
2159818521544
268733561268105
88305540861672
470585330961761
123598032400468
443810539585997
132558621283530
377816115409277
8813986904776
337177707083144
547413876500401
679735115966980
350946630484785
573435628324840
29748104930178
117672012505741
161346788676944
419684827814642
289071382491329
272431377606386
93350850646090
432478144001410
657437190204112
173168184116170
22296106484117
781938623113282
1429236001518977
59556401493098
168980111666512
521898108932660
23313133458977
461444833945265
274578674762746
201298910283445
640408487989509
654418909048745
80133779000725
18363472310989
78557340577213
365639719956013
221439853957810
1160570648440978
218661460522425
23265755160309
130962445184269
23118133546026
203567425435757
124282980670180
1420745143432642
80110134626000
522285524648641
605433847397993
12108761508485
185214071891201
245786381372468
317474328542005
150504968516765
50559514012666
10574258991181
28743049993410
70264612990629
181414539151274
100228307318032
783824192711914
103406875695688
11311663655629
121160253446416
493347619788649
402151073508554
34456718488996
358140219081325
1088993368654154
347265979112825
292934610658082
107693092724788
74299909472612
315205794785824
107464925334794
5892205413753
60580116380900
488886396080849
66102085158661
205186570332692
246110180446129
99783757072701
295376534861344
474944801200825
396655921331984
46451524142762
277225720323058
469722433738330
292959078367364
323184731211505
332269851186225
42605069262953
70538316765569
546229234450945
93539908524413
401857821122113
385680453737170
264072701055001
363357558185125
186822068574600
890763427408
33333766052264
484890563590178
387002516366861
405791956002452
44983378747642
118868907624385
98792869210669
332385630676532
919790835499009
143276529509957
313954471281460
293489223006689
163265699017450
394017303498282
194488463818445
37899292273002
563111519874325
746537589464657
164645700350825
366396230993941
324563582060077
51554357621345
790090266032500
19531095546404
68438370216593
28229587643050
23625889625629
46233512849785
545432000798681
60223927334596
160541900856506
81152831161025
194192769339986
811718748652834
138159853926568
225100868963321
291493600192250
543896490623306
865058497003357
145873249934338
380299014748481
290746390138973
238983225596981
581055073190920
436605477708100
456540755044130
595521948865922
244963284381490
628613320905029
242484144249674
209192984968250
273738151599380
635123989846628
340338827387525
168118031018025
201338797412168
872170488614916
259292521303114
371046427112717
314717206138873
266913296019521
513552633286261
225700385535760
592680521461165
175641499952698
559198860822386
33390405755629
46361737327156
294779411464369
10091346555249
9398764455370
162823547368820
469283603804525
85318531588162
96373284390877
101651714558433
261204391138804
375275177488314
1384786391023325
91359872043129
146022796470605
695486093712005
505269546238625
243590116880500
45266956086906
1028629451204000
59759249297765
98630335354900
1260514555885154
62699221763293
312044148685057
96331978581250
331730015883346
624180875567209
2155162846270660
728632358205874
301739443501841
68376051315029
58910647839040
194710028710874
329147232027925
1156818025792250
187840967299101
1016369123713313
288385649379493
732753530778305
18892241442370
117763969711657
263872458811138
204070388357665
892593621330661
1226014936441178
337682738427401
135108588719017
609928195181737
61549780172362
295111295673970
578095160991137
413498079764005
247505798633018
251555724279529
127921551135652
23423729203216
95805716037569
1049767769509093
185053011145810
354568918128149
10978846804285
59050982883841
575994851074773
229978455629512
382415348120965
233069247131652
552491930979722
121363367504714
194176821870800
30205854166517
272550439293161
687480698688706
526713608000897
581664817551250
117991015579385
3310341299957
1677995200576505
331051904689032
456623921349205
355341860806021
182942687924138
254606279341229
84097595430410
424965853007524
14596986985186
274197656395304
176566800138788
254142110973620
170930203669261
71475973753050
76354088280410
287671924170805
561786906291700
34339839787426
198305139275501
10621945536413
428513614938202
675738629245930
101517924203720
25029323555905
268327919294253
981815510425408
932020333055074
433565289015130
173600691267600
34079656886570
11801414277608
257090086062058
435016803940241
376319607122432
100620861547346
33083496714442
380888076732941
1194472240603525
56793161846290
751931165028025
561655678134385
1076667090339133
37627575152528
519154896457000
272989158203453
412925940224290
203088578563405
66139240810393
929896888365965
26440719611909
172856244953860
577391962492946
71846641785745
132243763784168
670112210478625
208949863548397
93669958883920
293272773171940
254973397589513
155949558366482
60282629863325
154446320738560
166791207360889
122303068666025
246312022894505
196963141191524
122474365255796
918140604070370
491811203108341
508319164164362
70111719648370
221337567230165
473650433006260
705421876468765
38699578297145
141694068382344
95212398983417
202247021460368
217734580155716
1811285024273
65190385982917
852290317094274
59350781620025
104716291026506
69860268485712
34346821841105
280024812069433
330269315886913
1176974010516680
