8111591844340
2461567805229604
2792783126488840
2401544340640916
9058540150663893
3089291696985338
3339185441371370
233116072743080
837764601852877
78523541605136
2895671102108265
974221226654650
1445670342977380
2280175636410985
2143428723588825
3287473744599161
3426102321060418
1670569335640850
3508397553508325
2084269902724745
3104685703735597
3023708917384129
610192265618548
2669412060600073
2787273776686653
3459269150396005
9946088175910625
6275140480211220
2290547276935261
1394655786561685
1878183596101194
1002973883129930
20069186549049296
2742067996285901
6094096963078825
280409788011258
467521458096580
132282319902340
13322049068188705
1321724054418498
1240353738750496
1209484805560909
597945611281437
221719055502841
1305830822281472
3377795116674749
1775231732788533
595959777578873
9040905902908394
4938786634183328
2337155651282885
4864927024650773
221762891768029
1149022558516564
2309742503094505
545957064410602
1043894699238285
298260487003581
13577361539526809
5656671126959060
1095731487075325
1969790845785514
5469427761739553
1392647765200276
11160789615480532
1165022370511522
2772867334071341
591337733364754
99786975822685
1112979941058512
10885797771826037
10973141185421860
1766293536080354
2879161113037337
1011291695610824
7038464835549965
8467554084741322
3140440695066429
432390529055570
2009122933840405
9479215174260168
7246840668596081
10481007092773225
1971787216297357
4559231477123509
127786613289813
11167547641829585
6180036134713285
1707871299462260
62073916867345
2551060100558170
388597768892125
1036753657306877
1736736403142954
1003002524180509
5654950420830197
1136399054454865
2961125363672068
5113907739543613
1056186546525581
7679218630520034
762850288803364
674046186379682
2054154458525537
4679972577002986
2519884874238093
2222203064399597
8416659997348292
408448706265233
161230457066157
1139331475639738
2148586904166866
3895212529860473
1229951194191418
1735419210339285
885723379095620
268785182775456
171491802402989
3076372808800525
3236291637858080
160710573465650
17479720683391706
839831792352800
240833130693818
3372228025039625
51558308097113
1621461261116861
1589412273714725
486199200205298
1610885444191477
832104343913498
1543066573031161
1841773512699322
514710048218522
251007524387540
1116827462957625
4265941424565505
3379638310235146
159462631583793
1048231260419920
7603387757211856
5153912347072453
10436678900128
658244306763685
1299700122830834
5167194716641700
10388695536168772
18560789010740
2217827978150024
3793589536649620
3466679873070185
2281214434873981
2419380870477426
2103622647866050
2760559993152490
5045567435528425
919873863233845
315530932756954
8683214128892980
2454367692510781
2855879496336241
228169258337513
1081846813591818
4466302206030881
2319627725081908
142074183007312
3757811656556905
1537241857971784
380179656291412
7049705705556169
539725797401642
3341782803359377
40496753426137
2029450538761141
12200332495408425
947620163527985
2094449515597332
9648531481113442
3173106911587978
98376736292869
7005660889003586
2837180757914164
4226709144204432
481786314414817
6203548416462813
870092223593125
1254802453803170
4746788619143485
1002446222871185
1024233438528625
4004284724959241
898483809627434
641302068506945
1646267742354226
1495189171780306
214607203369472
28474930914545
1125868366532996
883324045991738
2959187271716437
298301072337361
292858380004045
6768943822522085
1980155527615274
1545292622841305
19171657704644
1767140047134589
343040511686969
586043240886650
6879035539357940
4155978776630337
2130351674742941
1015178521140925
4880052853233121
1616154821373780
6500660762422228
1324812754717145
795468441136141
264000462262105
3959171116048802
995432738299528
11161157830070225
1389733132474961
2579757048244520
2287384631401025
3873221568965050
1993954450477445
95267620223080
409186067260505
2633031314518949
2730187677599545
1105320466996426
200758250716585
1555814223716020
3205624238208100
2229475475397809
1891487426601629
4267808915017037
4888135309565378
100255792945633
322884081207684
1357480998295418
1481342618571685
829802180642618
966856151805977
7109520925325741
345119149531325
470249907546897
1532580588294137
1311794872611912
1491654112152250
3264735406962122
5590659358192753
1252176558229705
5428399373113
430112168583901
1982369986515329
1998534557810765
2057871451806949
1068249359576645
3234499444086586
5999204584811741
733756339566916
790897612411076
782195964797825
1386305092268100
2982559234276045
3562037744282074
867440393926097
4286733373696833
125892272998330
1383786855627170
610421987543465
356435447342453
617014993410170
52743890193809
918044779903745
5576326189065428
8780802176329677
1931240065993218
3423360543452116
9779357286313378
1898762990510984
7838181603799333
2815984131738905
1354321472183873
2471594744214565
736930145422568
1545330230343253
3434870850946481
1774518143177704
552498843160804
183977178918157
14796530476081250
565079471023546
1939668482864089
1311115798420066
2628999380714225
6803540217456050
1992024997676960
908958737638234
3288859276928369
2256260979162041
2053680718633616
7595638485976360
1223122709475565
250253604842425
6833725708067380
4584598603196589
1448215194612005
2764608493292505
1423316196913189
1921824027134306
2639522349440010
3926360769845770
5440980539434177
20331812730738746
217632937488836
1060816620721160
4028542239549041
1888777075145377
714018475616660
357254384712341
2300950076055748
2269703956084381
7707620608792442
7201950921643777
1862142964346845
1978590157202105
631968042692089
54100299071081
8489055475145429
811517597731642
431726459107149
5049059312663545
4276801916293
1773778742811025
1488375658122161
8034160871555425
641264422131857
3969399840032218
4938963026654410
14073691313483236
463310852738761
12483587293261220
734614324879738
4640690159479757
385189598121589
2343608925152872
15276439230377
2246150115453988
3525593731559425
2923302035804609
3214308014191700
5403437505955793
2458593217686285
2715203594523373
734562664140560
17271523127292425
1429449170549377
186676973733960
3376765141392712
876826381242418
913683826866890
3819457308617917
413966779079594
1746713587507360
673154381041909
1723550240290873
2140705662170185
5200395128293121
1893240467329738
2675764317106525
1716797475722050
3211905614071328
6221575726121461
4536233125187850
833202174950357
2553578416571909
7104015993928393
2190034121179725
1868970872221
4670727995829205
935149983333701
3603236522758850
683139790492900
13787509458551858
4341569665011860
1252577001996800
206069172451889
919967171606138
760821640969748
3551893914549997
223925586578690
7949332542781384
185631928354084
4022736178129380
984414693801706
5537634122590154
814917561745306
841725623600010
10403074600150657
1264809913102105
7979566248949928
1690935048816290
1773634797137521
4101554285218249
863456927814441
4626515203789505
3076932623078893
5508020888798345
2297533722240325
819445592410925
44184746940890
4534449075011122
839510462887465
4290534026724724
526424240732882
2848759926626125
6025960034474036
505617422591241
2241473062851373
1813247658181097
456539181802717
110581200171380
1325758657889060
9404523996317645
4524831589432720
5886986104249441
11871746928485741
3410158496791625
1572724973982208
9869191987931113
2433053501240498
613488467086417
626874861943460
1509499865496272
6265579504302301
4417245430726309
769897070956073
2752796681704885
862452272859025
12745802150005448
1433931103694209
1923994954213861
2632179720872069
1066926137937610
2093398699559929
7495576621858
4813048817767060
5011797111774065
9238596414835437
4175952539398994
1304346445794657
1329442671652532
863606351281460
453852774034810
987302866597837
1980592082004484
382432006001578
209031733853114
588712777854185
1516219915544225
6327017800784000
2746097877585640
4862241789599620
32536595280125
13901369362713860
5078140876862010
3367697034656429
1919405046512330
4019509139908309
630035985487696
4467474688159225
2700116128744225
807988238563156
55869381749642
11350446524013257
296267627040025
23634143512838378
2387140434304489
378118288151749
3640076741672116
792196684616025
2636546776145608
4109216893068634
2609981545284968
583011634351669
3240027132279925
4366870719919826
1971846365698345
633857778583141
464974107686065
578741877649778
2207550109076936
3451045188079760
2482937600347906
2195875374124241
1675278087809444
3149889843529204
