4268931748660840
2853541546333333
3127986849761581
1672191563935625
570630292686778
2457436296692065
1527992440542553
516997833177437
852206036278577
1786380765423362
547467844775108
4360919849186249
146696052072532
633518330814434
216211789514509
828119190022504
35268501268597
13490438772433936
1114072026525737
4069283356877785
996947010149777
174589967220290
277990505470849
57714776049125
225164611492717
282107613642061
1346231984474394
3842256419584101
126969038495504
892433459348317
2018567908703485
181848896778533
324272823772025
273426015720040
588828127274164
2719722985048093
450267879590029
1777946164160450
497088450292330
3480974090181892
1572703348014324
260471820943757
103240389154373
2368100436824858
152977358196370
932666096367545
44836417735785
2036677219304864
3809570809120297
694308580226945
358324131747545
131441109679333
158802364730921
128840485324274
465397790554525
1236622143015400
34501625560180
183292560112545
2548314307333978
276752789347445
3778882361795402
1548256881375265
4397156981766900
4021842929795921
5109455230867720
1055632577274644
1582609180497985
125956861449917
572065469874484
439430837903473
129898727601642
112388414405978
1553597371851210
1977823141616345
941728329900725
1848898634496905
8541649144848626
309244529303944
2420695351637765
227988868767106
708391209798100
132067866661813
1463772781209329
1491461992393085
440676395273300
440796281739914
523078494063610
685168473038849
1707916304099609
459445575303949
2698753606249285
1317887535559834
1260910801554269
1356191525372393
3289728049019044
769051403343140
376710937292962
932084788679125
961413400800257
8599410243409
615895527106345
254080450408034
3338773280323209
1726285785411826
341459355532325
236066827247513
1339311327998881
971581440499210
3437953863561941
347113011238682
1795116472817860
1512713326379098
753422045295816
7481323783092322
281001892257962
793622049019060
6498807520531157
1000782694918701
530918263760400
427472114066033
735268187990916
1248591593209661
804434930500745
646181935836050
444911564834213
2928606050286568
142536808584229
763921246410218
1704604341681137
18935199569450
1360240390711690
2554583700878090
2662899182572941
2048352405024250
1055071125097745
713803850851789
3494725451360497
7519789698664849
2840455815632212
793549078469370
252221406095732
153118576624178
1674229284586241
2488835567551945
348788201071060
2794602831151437
1747961797591865
3560991824093725
183199833267065
2383116625224256
1918766370917393
1380525614970250
1293407900714401
861933205901380
3160869593055586
264897960820610
3873236032805933
303398957872205
368494765094794
40247153319040
4391174484981
474047722619465
201877962196465
3083757053127092
4506932746245200
2792245817839400
704299330534500
880272368385761
3628462936858101
421570524743716
1552948231046834
99138470033305
72655293475700
63199022973930
85537239212273
1172208999939140
5354303171281354
3415111575705649
987657950557397
448202823744889
4094156638478565
2331908348227940
6056525623597160
731178205857245
2362773253688642
3622720631771988
2685268064387561
1811446507350541
62544454459794
1286765283804813
410559503985473
1208715555791965
399691716825402
707398533885448
324561532468570
771642248982757
2201649065263817
149390777718260
5114059048449845
432083348961569
280571615400169
846528969024932
3171793158915205
79284976207589
3354406145424
421958410564093
829465981866925
371514370447481
214885539856930
439422485292125
714293953626020
269081436128845
1627520602996132
560533573748034
6432702664411250
533332178544488
1673484883439013
834529875071197
911209050597682
1790614863614642
859098311904589
1979080757882513
1460489545151213
808984957614557
1358969641134697
592560578222621
362386089398945
172199407225421
928618628615105
980899641817490
135416059502516
43164397872565
853820116723874
2690285264876917
677204576054417
963754812055624
149943170383450
3647037658276610
98098447850
2101935610781312
2109464547890690
3543133122517138
1004063424014489
958136710722425
2121000298886249
57136090693562
669689595264097
3361776493315012
1362626781150357
427744130514754
3005121214416008
7737378237502388
508997864579594
1327540639401
184492551955700
661205763908717
932560273737346
73129884854962
831980840464097
200210979775869
687181278883082
1551905647776346
3182676789712117
312286771491425
1790460705029341
6227614619125
512095827715876
144871069823505
703641915826250
429018521844317
5910298695764434
1246146685532713
586543718227792
854931452305129
702210328823250
1373569652585441
3681543677870420
1546219606943205
865425298275226
1839353855049540
646176279879805
4162273993292005
3958433469272258
4676534456991021
1440470664929738
8124667824027589
175967801575493
919608053869237
300991417039845
1071835477783813
349677663107600
28696531656362
2922790743624042
1312569482978576
2207619002787137
3279282996899780
592040211029714
2095763482428530
112621676846522
1518573601896377
3542066810712394
1479571885596500
798015645763825
1284345645432705
81906945479957
9217328180645
327629445484546
1001284765054132
986216464765517
849757508496968
2348885134278301
351368624188661
60193488111913
1074562658990218
1640399564718248
2154495526676077
546695983681380
8901562024130
737523385295317
2111398465846676
690544695177389
3339942764922325
579251816929040
525743809291080
4609202987626913
413280412151477
141641522880800
3496809629300621
6210780324979397
11368019911481
3430870188677674
225869141758580
140089617891365
676921536058106
627532553604962
662860757420882
2143647658996289
1242046923169025
732527156823970
2375657908805026
1833120944836640
741464595335105
5177826044279261
1835079108416905
1307744793498005
9026122808152148
5834318584989325
1068015313562125
29710409122034
1292882238580589
434564800999121
1952700595297513
2203893230140264
259860684096900
1173128498144452
221881258099138
1355213064882850
1740078829831698
822092419904400
1039439739049444
14325325884025
197201640499033
1069546617111569
6425254671198649
6954250579344517
2827913306951860
90524345646733
174192287491961
141859819315217
1387820381329352
2957785278153161
168691015297424
66105597253264
540340775943634
700029321321290
4005062686141837
1608490329605581
872568476109025
2581048952777860
2734726835344837
196498825235882
251357501522384
407863396479901
1772209168004633
1153909176011050
49462845605522
1791615575251297
607221674412797
2880867332328736
1757876579139488
1428659279900273
537873892009417
431435800096706
87372398023432
4471662418585864
1039704046707220
369114195938930
1743325717150058
559284358741956
755220645333682
468820310897709
973761876812561
532881739222612
203324741338792
473943077654029
3010431638534869
345404848035778
350083636348385
2148921875095546
2038743510339125
457470282276868
2154106442664805
887033099139714
309709379397298
1381880161610420
2518646319387721
1545763784759650
458220296667109
633231328664461
276051603249812
2232306620197732
2028593216473673
6091871482794370
2143925042912866
465822137294810
1528421960644160
1045924601513441
43900550350416
201774387735581
3901294500393989
4827423310580986
562891597202674
2666252939562045
60369253962856
736251120429773
146318210243048
1173964655465009
2336890495387466
182955789222229
458974091063394
2981886396229028
4895108677930829
209220018354260
801851952749794
5403022958619040
3471090575580154
1528427330798705
1611964637625960
185500456795784
2425026646770325
385298851477250
1138947126115577
6555056640977858
2776470934145753
1374744588521960
2672679746664317
504604764917236
4080909119375890
430858147641065
2573551094716810
100834250940532
1263941499705021
4168061817741097
1526128983683300
3376505040934084
1031237192181313
670080199545121
510498675778049
1700952730980200
1346536800709553
2704521405003925
764505970939962
1808635931223250
305273993557385
179893852634242
742330184763053
2478813480510029
688030265948489
3773722940144469
1317406146138965
401354760716873
127042152447764
1089115921403316
2929890185891821
551379154804101
6043967393641076
1110725982754100
203405984087381
956576414511301
2830494862603876
1906089570827946
489112047785792
2350934436490400
1249274540774185
786758457195965
3702414686534413
1263177184508692
3342234295736802
947980946428178
2454660415353722
372784695983044
572616878114313
2600265962159465
1702354649755282
432525642889869
1699642025454080
263249390933909
1518781731035906
25207122875492
2481191630262234
85551729224029
860854295092564
6756955557138586
946199223654920
2174643658835717
5705454100236565
5851476207413426
682081549749937
1668920984276989
1243358373758465
1527342639799793
6023662628014765
2063757255327469
656615781434189
3328618916095586
2665910453268850
1413270735002109
3264041546003885
205678846527445
1071478373222093
1310564064584281
591737602759568
209387448649156
62402608393885
1743817171219405
546114788345849
228705776546186
1103295216561665
221296361837706
511755923669933
1681898633251621
2227221908789312
6627661357764770
99903395174725
259558825236273
2308659571164533
3338105764935861
3184056994279112
790453194023376
4139131835716637
1072108437895780
1951694183697178
1167173623593
838189780192584
5662240583815432
1746729119731300
208230858136900
570938583514417
1239172208648537
597262164522677
565606577777285
332693614019840
522520249470665
2022285038619757
303164134566290
2999753116342065
1551508912697492
1510676198771105
1222460625756817
7779790273783193
2047104193275938
3509877796693000
210276348977192
4116698405938408
1941374393631682
1141631745495426
3624149272302073
1518502636787330
199421458391725
1395958192969001
589682479944200
979729406434517
952757686731085
987386417013209
3313532757860189
587097067552693
4625274954293009
1152659838251729
3069274770509338
380264490969493
3175237878830410
7876077984424570
174395247862130
1582667231290949
3211468430551748
300531498091837
1973274630831473
2083605134164776
235612708037053
77188229871701
1219835285282125
1976151964676605
1536345365491730
1871672578522321
2318564005641929
2030847406183557
1465473440747213
118862236035944
2752778220386728
212256715861226
2615826348223322
1414862383814962
5541153508444292
1227052064130173
902239369333508
1539933314054402
135543021305872
345011637496045
350852804983825
237368977451338
1525657698591668
1875296285139098
1728783789097690
481446378955450
3512403567683765
921265085968904
920607733844768
806268909985733
102415799132569
1007066302255184
2965639582729877
1967017026563122
1161510173372690
1825049996231696
337335232261700
2857971313605713
2192042431117261
3698177976662516
1309221753954500
3603392690119450
844598907099674
1453958153154625
189846249409296
644576849340066
1454468806094753
168842394389
4423545678371053
2928816287669421
2433191426072136
312808583260900
2965627992143860
264637805976890
2926202835227498
955444208845321
926637819733133
631434727543205
681136074602010
3978372408237601
2452125925692657
2645092018812164
1229422247795425
1285889036640617
311713732242805
428539757840596
914892974112650
5025415167772805
1679347478737825
724079939201785
156541251719777
1364548888243269
2639259819914
613752988483505
340348923813537
1037741893612681
878775612734420
931057523860253
9473749656012109
54517408773781
108235901386301
1033264936223522
4001741302880080
137554160082610
3596505464479745
3086033344763602
3460188910466314
1115326244574362
2383840829302568
4463862812777
957726737278580
87123243047810
601181727201796
350588231386081
1697543121827314
2555150318803856
360944376716948
2026027842702568
1796102941609969
2080576075397165
115366435672945
1954995495056938
3278310554438298
4109154137855720
295393397459445
3873274980172154
601333632400337
639202798191861
963506692859680
888576122418980
4599589586025370
2265100565439461
3117408474085777
5925250620122146
363967422552577
3345997623204794
1336574025230848
182272467811813
1805487011879261
585675830080424
670689561361748
722165869408100
1356406558699496
475464038363954
3420554559947605
5651584405052996
14246747468649810
392768835960040
402107513524817
1364897483525529
368450207780516
1008662094765088
639264657416629
3341396078348698
1042380604601860
944973249619540
101704110305978
124537406614868
480509400281209
98200056845602
320159424168217
1067111695805090
2697598328155848
2550378402796709
896635992444370
225530520782177
645925645587748
211816307831642
91766505748436
238191618301330
2686144934123186
1537563544034825
3469792173714324
1095714060161360
944493158617201
8644763060693248
3239798980004000
1099089455351252
2412530974098305
655665663238202
3546202479611368
789425977423346
2643366887167253
227431887561412
625649072752324
149639715277754
296063946913153
3558612444031949
125916258134917
237190056617032
989725302664592
28529871602825
667549185134714
1713874004161124
1760747615983492
46957556883733
3708238721532500
355637227283977
1264258573099290
1881759764640213
131022975522020
1473757671233042
1124674698006781
911831903692153
51474973663412
1806697947406969
1116228713211005
1084744770155605
309887903625716
3839196447719181
5005072588035418
670998030503877
421361780640445
251295207135745
3454717616019860
10721351733092653
2401938610522810
399733587916610
953963255625344
1202775693890825
606807144311722
3570261057764297
3486732686247709
1831009230271449
820870550806010
700786393049257
1032513410954132
744122290338628
706309224901946
5111744802500
1280479087937594
1178495092692625
4151923392421769
448088931367325
3756304273030769
1290633278244913
710138512127816
1927181446932385
1530489689523793
444416614861220
284999315244977
623143229054373
3280564051010545
6721258052197858
115187703215293
378402671452705
1427682837762920
18637966310581
323959388589209
1912033752662293
955135951913050
1752940531233506
1780680115360744
2068555827461985
618094814514721
549241613052193
4058997387579121
840779369293117
3124957437454481
351170353850656
1616724813886657
3807867888956105
250217090369780
1370924063081849
1908181464352505
337594256945936
6160837570462629
217579697176528
2137690261607849
132368446768925
1418625924583085
932080252310921
954015988946785
1014545536636372
1937334717178033
389930867153501
762780079630645
4443422758947365
306301037207525
119400082889705
5831795489665568
726365616457268
1876587725292409
1583816917437684
1901810305093421
2294861439928356
2458044981303689
1530823467140500
1596059367297170
573509036852
4441540208258413
5632023432582224
2189416824586
3500252682445458
1699668595756017
391984371037584
867341264123465
93182504046952
1286106377671098
11029913195761
1592788914194850
1391277224604992
748817832079720
1761024942816625
1772095133578725
2239787802825065
2876096025396490
1553909034834532
877482614023168
487244987977570
250693839795653
375303974285173
3858694432930525
931026584520797
2397360108976381
5003492069418637
2659967076083588
23150344860413
4818496253056861
361913359482505
765212475368041
1134832950623137
320454223448761
966373309898057
871119769470628
605682788244025
1244770988683490
330264219745717
1497278498430850
1514378404930949
857263921045568
255525933615993
1293765896408625
1490270667092393
692630534875976
915071157422537
2288912394423829
1037406547991173
319070321493453
991987599451330
339131987620628
742016315284820
1638318160040690
2348053828620050
827262357472125
1765914335174425
3402228893855860
1997937719678996
510707454610420
1696872947114242
6317095450484
1886223571391909
2088299356023637
660546008067745
153987497603141
4717014476337524
117830270261810
1324185617027002
261179181560305
2025538320763285
666993085172545
1441814166041000
1799049226531306
2800512025595024
315889037387865
4996567578567449
2548364618259252
538645612944569
1960028640665120
156842390436082
2074339357201393
4924984142661661
111040786768013
2599944707166740
1347638622083893
1016337137950160
194342338637725
482550256501690
1256486018725585
4774493037651412
1146685772978797
3035785055988341
2902729086836701
532904350928017
4976662655916602
729888842549248
690783979714253
3291757446024394
220824635174258
5983489234085905
34790036173650
2996741554662420
123384884920769
1009191437784625
1226927331776690
413345740768852
242047901007314
2458488535912226
536668092640826
1040142827263690
773973966424244
1254613163004889
1355095684011553
16513522654421
1418378053705936
595542991599986
1561894379676133
2767986777720610
1719070195470410
1682703657530116
104740135395025
4303713546814442
5770709199307298
1952170286725045
2986865912956201
191375437848776
167105541356200
6510799417186384
998706447658152
53171977719248
1219427423474216
2227882871272585
