140425566130090
970453762423444
66340144372762
85185513052034
554117010675418
2439441473166088
315808880379133
143904622966436
1718677939366645
1548161126259633
210808071384464
134498835618557
543104524346933
90402336788525
1838451768605192
1408961153033172
2030947492436545
734033170710117
870587314111044
284296954654330
375799267955737
275621418423713
64993094782874
991265933122880
927702854111300
533016669122866
139357895006900
3119826682518565
686618276527625
1284556116954932
2674845837104786
192159802610920
92391440262509
208975627235050
362360341835732
288479276692497
213503608517165
758895635611345
100922286449396
155662291686609
1883982185141261
1843507329472706
594171334584353
723308284771700
116524434419684
563892370399377
720796138845425
818936848751554
232092217092970
366764443009640
3086275327989874
30796297647289
1383166093101489
471958040124650
641455086408597
895826410565546
1998091551453218
324130523425202
549883674054865
1045782978803744
892544240177570
62854402872249
434375936019397
724011892925386
260448040219050
1263393455262920
1113451945068482
2545719829614442
285030257189704
129369325057650
1424996146078825
2291775921300325
235463991469450
6756711050141
1993420502963042
1195040174900456
579487384929125
719348378706890
564978373588450
1133000151319413
473073330745360
297865156751620
418157211628873
147490443567428
27357821634676
315218171395076
646107966522650
882195556884773
1045746600401725
68901417611857
308462167333706
525540989968322
652444848236961
1254685167841554
339902831347208
702125500114292
338696281481209
633993948595972
700382077530433
34322211324490
20454804388765
830885375708425
1068105878379562
2022643016415805
867316700660890
89340054513554
618289818290981
602927350059514
1332898064551397
945822650853448
473779469361978
96796454629060
2922495102201177
698973811091849
248365145323737
465589350266617
1035538147296020
955626133025192
2453842324564084
70890328777781
921434316607760
1067102517888298
873333445648105
403236729102745
292009478967610
980103653636256
147574170699685
1927817530450345
215618482753301
471576244225194
495797281711537
627024733240869
78578471159780
261808415708237
16513312656672
3186386931555280
191647921903560
450508903031365
2140309779266114
386810783556640
173649662252522
1913312865373234
780089455006889
50295480082045
1151829655940804
942957734141993
91371113935265
3213843395339221
2747547869168653
200948389588820
1045682595166813
1258782336780800
295187842006850
1184871101951701
55767533194973
1247525259309524
543761211203825
1116417426714890
382299877654285
309136210539985
688012049877800
175667939253881
705979216510490
1017071069050777
811301211949813
818118927970101
1709182793501636
899916335694265
1329110037069921
493808834120369
476440297651732
547679204697104
194631764899581
1731793854012560
391891602325796
177522105842722
1910013686849773
2749970640161952
496821190887545
54027073330865
560564797158461
1388937596318721
796999837426025
1623224786917513
536221919927528
1093031140506986
76845314225074
1043285982448513
1365908487602517
106399466257109
1174066516378025
508403910124162
355295981145800
758402682639505
338182378411664
427192719108490
86114032666448
1079721135060705
417458939654225
70530225480081
223100320511632
1272472584082361
367631336834930
603995818513481
49804707801370
320070555832106
462581543141225
188630076756340
3130091466262465
416626026009229
1219485475096421
180781413604786
4668781015841
229137654279304
939011994960525
2600900947991825
499995755121397
789671645775688
691412398874037
285089454590173
1314169769597765
535396156354384
302754697311482
1722524044199300
1574244026966180
735268258560256
582097987417025
629348155572146
362595884649281
948200796454685
93996962787361
946504012411225
552735519582149
118441026557657
172108751363624
192667172966605
214596339460205
1384021331218325
1121124188611170
1332620977630696
654541760837365
46027638200177
5008179828116
819886381155130
8486461173650
222284563853669
209102485555969
259801029643597
410562732541088
210866704191065
476954023338785
1684056733185114
785574903462905
346807208694193
106656675333920
16393627901426
590160527534141
1153834666283650
301204652944685
1499129176957256
1268980751170372
256063176429650
74306260559522
206313202391698
1796144012139508
1262502024943048
3763729830812321
1398222083417185
763725435553085
1058519229758701
253745506568000
921873975240517
399789852967940
811877941085252
312693986208080
2307121621074650
422933851936144
1419168678794018
850760000854666
485644458506434
395347334175085
78828062882157
1464851069335525
157925028632797
416358681095773
1269752678513705
1306525942846837
964483919108977
357956578568420
656192999054090
33153507627677
562071382577224
528647636794066
1801544431196212
3557316407474
7370942622093
820743235076554
334282934061749
180215945450852
873660071830754
347711387824429
144918153044345
237871162578362
797263853262049
429140787600625
843260922460625
284986980564185
1449100403723570
1355498988143029
783749124702290
1141000863990930
234086643710181
97806572583040
112664573980036
2993207883450640
1528335616988842
3536677711994633
137767082273885
413933865817225
592329394697897
27728127336757
147312653694005
220733800708450
1305431814407437
914464723939909
414357105579040
277451263152817
102754833133378
304429901727332
94643178973877
242400066309338
1487076432050869
1289197576143025
406537472095924
2317803014560405
1237501027700384
1960205501215210
1689294266437181
1513643282628146
253351425508025
146072219486125
390444587613209
130734659111130
521991711456548
520389881191273
253288563855021
96374537343253
209466085464340
2151851244691205
246669284452100
530206686185602
2851416533451124
2730464562253300
60682338328145
731116826924068
300055776095300
134859263622992
795159880799008
5580829313770
756177921217613
101020880508281
2464636860168730
1007283384713857
297649933641178
27765951333305
1350684642630973
41507487707621
81357534429425
614658993718522
423396954612218
117114574152937
1819470621664834
5253994383563536
2527549556009333
2801698338466250
305462781406306
922539880141673
850715070631205
81863892319145
1870891902332200
2654788203616266
339667113930205
584993152790325
314291069876845
94690473550169
812703511355749
220225536407693
592280535595264
4550189303486501
219775277647985
179804778742441
551784816093946
1820853182228425
1458050107039604
56964871144645
759746029400665
710376537219309
1803076617964712
219191333649097
1008263265088258
40857144413524
3855506498322833
820411776464701
776896687013453
1791334035121690
1591948375614866
425998317294761
478136489223312
132720043556570
362542013789517
143268513150445
519621240857
432358087517617
113716517958125
1209723399041049
2468590056476993
1277792238368178
193929474549233
308090965954525
817161602058665
601384738803253
59728913458229
824796814421941
212788996393104
140291711059657
104497871442817
1118566944150970
917062127481845
469397761318120
608349649544897
806646918156650
2040655093119773
138354459469082
236387631805874
1582418015283425
498281232365316
339587365386881
812582795644810
29649459878597
1049599942129505
1455177382195520
527167025882449
2580513704285402
1323464642767845
2654209659302941
53043561461605
260592832641125
839571788326765
421000154978490
1133457621497485
589046174831677
1405446487002400
145542014607573
1669644981494333
299053519202041
1708158375857457
1338377555136817
886576311531730
280594005855250
901517131057192
689897347932365
498311869332500
213483760856392
1156959803311325
317695487913661
4187612741905346
1450444954764628
905738413567730
263484219817429
208946381795981
651148751178989
1923965885747240
134534856695249
616142181133505
1303561304527429
83272104373858
139925334053689
3092573432950865
713747143735610
209971764011825
143050021609685
604590344885290
950322526628644
1068984426917178
58629091293989
878463428254946
744971555014633
33178331192165
579166058098981
315171024934153
48917439410005
398354219157145
92619697079780
943562395002420
1898387017161760
69414045285602
676816473997885
557665587420874
21959918206561
2296251648066020
1354341436919876
364222293240320
1167061913100980
894276134057065
876280569595713
489735676005160
3200165252154025
372965698242772
894609036696484
479679936514858
1615219723256257
968158059967165
143563475466765
109152816505325
282291525364409
970022897373700
1237441292227620
408489712032058
1044663988623709
2445993353599120
607968670877570
301280427872548
203625637925220
2175751287015464
201174221336976
689028661530250
649056423018194
63849182258413
450678809995013
782494239827428
1527302027107009
923155389219114
270554201778353
432121370240161
655558344352132
1847739791588872
273056285684065
512309203724162
106659802148274
11781486035264
274289220083177
665353247712490
472534825358600
407215880332978
1131133024857994
193135436996905
1181285683533981
905487529884533
1570539158463193
798473799035496
641390953820290
4160961546592616
192866344634314
196898738053186
61336720232413
1379269197653933
1958092294817380
73576106597765
1579425079895722
508729779913129
133279259810749
885498382524753
842571532556437
506722542901613
397979288594905
993494729987181
1307416537928925
1275657971448976
31078251429440
616866986898245
196932838022021
1824182774951413
208182563422228
270843328248029
436347767200589
364042204373201
2785633013815753
453197020700008
793888697968930
344884710256705
970946339740306
167586815990961
281333477371050
180262778806577
475030778247677
1524272009367733
1379077337622725
321113335149665
2818940306205314
2909562531454676
82321070676013
420259894296680
645508358012324
92253042220914
2476016193898
720574201179725
792208104574905
616283353047440
362299632930938
1301688064773605
595500820637245
742306970852873
939357434149349
780861118740968
420257048603962
380653637045645
124288254533920
1846042988080897
1090096330417634
527835471307496
315728298771625
6929089217245
4029036740658077
1647917619935060
2191479659948241
842986492958242
634222263423528
526929893846317
1321529740506049
168938699781329
2274776861828176
831267217838329
507240796426370
625020877409365
657430430743609
609469664682938
4779043339983265
1096780835978570
1043901194008196
238122892915417
38875089191857
27897149793529
228420074619925
866355860561945
1461677052597538
1818927268625461
126685343494088
45452321361002
121479917634205
349362164185970
285163339219488
1200872666458625
221750977771816
3222856163611825
1155346014643549
2511452465471365
192524334959090
510031810911085
148289476164660
342576489552644
722743269516706
377203731832057
704615716338788
1053839201078133
599361325664985
898551180499860
301374827592073
457519898200378
215988559513821
523759242137773
3778385591401205
1268047667216809
2454082811626250
733874771382948
645932033983505
692371241551816
465983950613162
84032819991569
1771403538137017
836206086789202
532157439409961
738142203763673
510143307621314
930939473172357
244532750370050
2809294342049245
64699716940954
417668798448970
498495112792009
37208515658642
1172536311263624
714540706726322
853303212617225
67000568921065
466547558561104
205125205737217
306284295564997
1151425952391466
1628148567017044
1734816814481018
672531173314020
622946658418229
1977763141202690
2695328527776490
203949410960629
246991438656178
96303072662537
891469461572026
279146132413385
2368903238693492
872340512823125
977925032273808
809352585575617
577510302109141
1204371656337060
59270431473945
342206975728250
897537369710165
100542107415725
1193588853360625
88826211705325
412224584862249
3125492511470194
68800676331897
223018010372789
922579942269716
3433870301781925
906064953199729
114470404909082
602429613891517
1281064685756452
459137240999604
2091471838793041
1120173382845425
817898048829513
1291862003350658
59514255510824
415145715775229
39103274541314
1922399786936525
1221585964364516
498641965819297
236916472752898
1241824354923538
1255167069286325
2219269300652297
650577220295876
1654107148202625
1570448846378708
662100418782889
980332237449034
312583899026053
895713457706560
171549441804420
19331311536090
153535319452880
404741977232804
257682989874690
1758671791379225
592021960758265
718408721875028
1567268037359348
1544792382462698
226785762284584
139237004850408
1186090488506333
2817988327771812
155323741816676
1781767017763169
1512212114388068
253927133290532
357896154005010
1878551778694565
196388929322533
40900514971114
1072479934897309
321298116672613
236811288121105
170883575357153
200646522593729
285557183851529
375607078868200
829839565238665
866523622122197
4505417989923825
97574433481274
634409478789458
77871456100808
555258716871277
1002981146018900
97844412484640
857038918683140
1162410354749090
52302414426730
1667443220991266
62635351083370
2308051067251330
1151897535702836
826307295200738
445784289883205
145750336067113
1393390395992997
427747624140314
328202329335442
960952914028834
711675366737749
354974940804200
4689014090000
799084118401865
1931798986402402
1322695596331570
143688044685701
1363885109989000
735590948043284
340646552007281
99585089851201
1283364471955397
1457696074880557
726825600380570
2417650907469433
558502842799954
86311848498170
401505621591577
2602703274040537
158337321951770
2449982434701649
3251434327033936
158080605608129
1021017349318418
768104364179272
1238257346104532
1556326090895405
1410277134618218
51689958542001
323296018314532
138639442764793
1636782882208525
19922254971525
129285616154405
833192111755450
129621093118280
733676546182050
2399599915702417
430646157922997
466620440970625
351055391184657
628837634151457
441292275695690
2354052052956085
19257918400201
651632517432580
162161017927346
272068267474933
13216978963753
189775446086746
404076296781761
115804378125538
288121655627141
415423314487945
32328448707829
79087066767098
819368735327761
2183655302280712
180451485446996
1508736831463693
720040369603810
1254789193832602
171199563636569
546875384050685
2387392634533140
388757233880392
31841393568074
1993272601303477
743610305115617
292028541190130
154457876613170
111077552739025
2219219758668353
907313799642386
385876427113530
1293925525090468
1463561110522121
884101474636641
2025737030424869
1447510508147314
129474223753874
215186856748450
2139743890732960
639451416199885
122936936757962
650174991906145
1344141726285992
1397081637294608
1458374994466452
40178000602265
142831026331776
66390674216981
722162120192474
56583623472148
761758256804785
342902800754137
21198717171098
2474186962727169
242561118197000
331269465946306
31967152672429
830458036170016
120765576193957
1016017873090705
1941327153390445
1265283504920377
491219239012650
3570226652449034
830925435763069
221195851827106
196536265184213
203486634198530
2316460802010400
824507075675317
3155435048243794
269359814623005
1035963072066866
218521675173905
540415509547157
306748075811938
674173580554890
1046776307119426
854224444663801
273879624691268
485126847325625
1247506257883300
118746576110185
426685231572653
299219082061549
285892495208370
738604028172145
548613652816296
125154923786449
697882592918149
452289014713345
968299233055136
123294493599250
831144110516065
802767609397540
1511258636143733
73016431076425
634648116633946
130955246533256
723115684582010
441518762003940
254743241259656
1265432467778065
602980758882746
2856056393634197
14621561509250
1693186041132613
508500585481577
1792131851426242
1285411420589481
1628411240402890
797332258061546
244404661912666
347080194683496
436939906702856
600895481263316
92588005807285
800135275545684
1618284149480725
191891121719336
500768336180053
144638420659389
25606559754161
1878414785157781
320301024029897
501644445602768
681483399845345
67286399928761
181152572004941
864650966179153
1932575238740809
1818472354236810
691910045471525
356130588860884
75278544731785
1205648628438020
53699460980841
880041397163777
274522114589453
687057267991410
177831998874338
1515094148783585
1390769418990290
246827107208673
168332442688089
4013848087490725
183703829078842
79909989908890
641068679892485
10819671022829
505794631070842
758173235939172
368775198171181
605624742469521
643934191046548
613351524988648
374658423108581
229194168297541
3234734840415346
599022645705145
991273663232770
357708149359249
194138386262180
1567056057390877
106727278719709
2337321127022545
2597554075394365
1042171424129525
85924562008501
22615707296113
446617932926890
181092681577561
1067296589370850
419321321439458
58770924548837
302618432952425
62644797314569
15210268861297
553871937984697
83895074029325
1173145145499018
662141930717474
323631712347677
45498203091577
272595176224465
498949796489945
233844600808130
379163783965192
358706081774880
491869778920010
1190196298211860
677021588712962
220780806089485
522285312771410
14769948376301
890658339376770
2561541034284325
1042665953974685
997285858100197
392116694188025
1165761933380180
911079988910804
1840412043527944
292870130256468
333221166124388
991216087763780
1050623526363770
230513119117748
343727078481925
268815225163680
1302447972972548
54443580910913
83690558568209
58794391162253
126317022973200
200143765850020
123453792738692
833759776914340
14415694876301
385218955252193
1095343883796500
323321591014889
465695705299201
1055088369403290
98044727770834
26841430484289
1755012481600309
943688834810132
254761608393
595322454204385
55171253587850
2504747502607220
938903695198933
345167468793985
1427770907424170
602487103771930
60103999257154
1205832040941338
121291432981661
257177375144009
198141379876017
313507097473858
1831120221677968
303639453412117
707644851911017
915744198832786
541798252509293
178987280809570
2002937788844500
14474917945309
936005919492113
436634611821521
318052444269812
1039869323479737
242680442229992
256669226448776
882173344279508
52811984330401
130007814769961
1039412610691541
745431083401925
718667358025973
42391490410
1865976780601181
1302435859733825
3400394334351185
231891664432625
2406072182488013
97464815020274
704797664751248
79624148854770
164476766313513
729602108745145
156671552350724
800893595023490
224477838013306
97752158816309
94672378761250
974323033006649
91172573799625
40213462888586
306731283898576
1248880922306377
28973508090957
1415421060571361
942459684417140
459986491344305
1871678228626025
980050103643865
217823139999610
53913485863418
1309826494193012
1432889395151890
263235988246676
1002800121656033
509924819890576
865583196101665
275966058159641
95331813598169
282676481558521
98268105720685
519474869386805
612277353292442
621132955897714
797884211584409
705101513707277
161153955969145
2603397975340532
902724658966429
29074623422149
163221371862800
810811807734010
447419638759129
301435171681085
487974786459793
116304619850612
2404944380173129
50266694863444
110631684048296
521111502016789
980300885194573
311619103325140
627593784386906
973596756460106
598372384171994
571650580487754
689918288268778
1028697186910714
275687103268917
306903307448450
122994848750096
387492759715625
1801566194690657
91330361390369
297763491768308
437283951490557
30853066023725
97489237517620
677837185666772
131856291095157
787345037415745
704107901202241
124903407023060
1790375804598869
795505476891429
719511797023625
1051433040305449
1310390740642820
1782363284305245
604477353834842
598962946892701
657389808232285
870100962715657
329343309587345
1301289074472964
230488553073050
103624260564168
497161268098610
717892720323652
158271410690545
372892833098042
1194496470578504
1503232054074409
2601344140361104
229620220957762
133213305179620
149931434439748
3127118496982882
455826204578420
289504583723592
508259625931633
113474070580482
2099660216534288
272407936893397
1090219239203749
345559063288858
120938248845160
325348232803634
1210038848741204
146103692652649
336233762102585
2250252149415553
49914845572930
2126876946665985
665173285010516
85502796960250
313788862333981
1943828147358781
27309408418098
305906035390289
2860429525897325
1014485147966282
511650016465770
309144292840132
313792488116
1091194913856980
279138908472289
2010694879018642
58141935653320
1507085902316437
875948468839965
72413699600097
40020584673220
240972945468164
22090897946932
1175446739331845
21486799826010
37583918022274
860273386748813
2583878454056441
176876830594868
535438115256500
24669409802656
326060644651909
196305528901136
533321078201041
1842457314782965
402829531256234
647397290005625
2449659994148
856095962028205
548586517454641
910384891798882
465942794084021
1320174590954945
376616307350953
222663765521385
3910770579922
125408530748233
1479367031008833
1120874444412840
700061520266618
245024125318432
2119361649399761
631053813615493
566766417874021
2675916581422568
53243317850185
1505604229093330
1196093351781704
2154104574345610
795268085703778
1287771064652458
696430197288242
119863922443805
32476271243940
1520717424423385
679125409370125
476154425942114
3512518454237689
391716371118154
125117538622849
257433619176424
906370079459428
406425374814029
977588101487045
696961967983489
430073846356306
51226843382865
439633506793730
319515063664178
22430663890960
1039939908163117
34903476964138
339362563996930
55248833839688
92349217559458
168740356348525
2708520831433885
708053973684445
1587903646761540
414461362579785
673504693797314
144659311558205
249295384302505
366534773941570
1375158308105888
84835410309481
3690656410813553
924943562858538
273549276325665
297209788541629
2158761540606149
86288300056170
259778680741754
973852389946613
582958594264194
682565929498945
137975171332177
182906582442740
641430383557940
1570916280744749
879084064707682
1206155582487522
684788742701834
690078939268297
489544638947197
43403617737805
139189888339972
1704012942058705
486337622924533
619900435520410
415261301649605
912544835380333
656984775964025
61159014520189
1351250973908564
233886361265273
2477219324216905
2003982690696714
1382095513939860
2704686327946600
257717769610149
514447623151778
1090142696826056
1061070719996297
455011749421520
1529101065400610
731250822264317
2014311603478250
713427979904050
1063982770361705
103138721159069
534524166699473
1093726314699048
367172879699336
539832702472324
1043919943761869
714618665307305
2482458407366944
429518559657137
598475277813781
728916709069348
42288996418884
432696773501513
101684615642105
1814523183921925
171691228225233
11484535952525
1003824404330233
156820254310285
437768126389906
97253058263572
181785625285402
536856985196530
325517317126021
1095952501356301
489415172364857
755246816935285
774673005264808
1190793658086469
25069106724437
244220838600701
418687606447433
328836249802404
603590459394929
868991191816612
554899343825210
398950597875560
1839056085956930
793970863193225
147661503725866
953259617702048
184397417979817
1389290129954225
1791465476634580
894102575744225
294104664352514
8553081983849
710131175082937
1676579574323810
770451138410000
2596544734735213
572274761168305
887998688080810
353937597566594
271824258797937
435638976140612
284450319599669
104415439220100
719117264590969
580837555876420
232029410104106
3992949900449064
61828238774377
1379134032901514
1173787054874010
410862800770913
1113090851867130
540926836372490
766036504684945
155469759711440
685008339724085
176298068685485
2052604372768514
858689123248381
659450709213874
576567566153885
1154519755311400
1582676067072973
704726857739090
1744308023080922
1242557125305421
1209191851060505
316228713793928
543045748821497
105540322112290
1531588150767060
52638816146725
1358115895125704
815653763489170
1754247891352436
591025401778213
146243826268889
86961466797673
626690829762164
780453741615434
11201668521716
504045243906066
578137602242785
248775267480480
292607663351786
407329409105082
3004269470039122
873193610380397
403469700270068
597162432489850
841738353779754
587896028020489
1080151647134690
383165118842045
979006600212772
2120690687356889
599695332062480
66521574470020
601344097227289
106547955320992
293826785410525
1651050046901749
553279072707901
1064318141356900
1487947585786234
568889618914301
1259791315150730
129309736870148
492419269768522
99654662675560
188490028771645
190740012804010
424616707034005
528784924333261
58432929154000
308646322692836
57249392060162
599631842291805
151863756539213
90428843179394
130433208088905
2386400592648602
189278081417620
162536300568693
430293592711538
455639803385012
574949926490528
4507771413686465
3245321523869
450811032046916
1271553360640537
424608069286305
838243755143281
760154437195781
376646918383853
700162458055240
1515484604596500
45539160386837
18787742033357
361532366940537
1052863514608585
983895371085789
518946299539466
528836537306466
2086423925999906
1691828849374834
1611298012178914
1339408245700256
982651117060772
131405997858210
441517034656276
634142520445145
1390681683697753
648833646382841
243111269552405
67632306450989
973550914005962
764339298377940
397465972633993
23875382438125
396846494972813
145231447393885
1109279758783937
2430006266587465
1813202722942480
195096618963325
234906338486221
164894519102626
337547944257418
641957764908841
933861601550800
67305236833808
1164367523432308
741711019234217
1109542975538485
370098792816194
615472788240328
66155719914433
198780237095848
703885631063130
1345163999018645
638177714235409
1195303696335913
12931133302701
534257681951090
71742775306685
930248257486356
210013812427945
357636867782617
1837804897844282
661860320518433
772490006196100
1589388523765018
427760568800512
77410050457442
86735655875905
291625647342628
86635189379122
214097574687872
799545655636633
570443412461234
1482047759197781
676343042015017
168462896266130
950978498666760
857824647130865
67902752930260
241635138887129
113459347127240
60344410390465
1074904132858760
3375333939539965
1510171843730498
354530014470032
361568133609498
424106083429565
280667435791538
529007759281105
741249750263282
1080457340144981
833359513147408
80095945387445
267607658271725
332682321483010
103565064457765
99428660801629
560628226879225
228660358027408
2821999408117909
672701906179810
610537815434826
712683896781800
1276298701613389
1345389449730890
244067738140165
784364662127889
154997395365290
1392637813451834
1272182891338305
1502518881892849
193604553227385
972007605642805
410820741484456
800183232235313
371629509287573
1853752643118625
302986502464010
2600666757116821
2080218782562985
1002606899001113
855334826152865
1656036201603186
138170384876393
472508203434088
29480757835225
850438294323829
325024627966425
2601631320371681
7055359868897
48484508139365
119601398876804
256101634994836
3861488149900481
305696882393216
584425495346417
85063724876858
514596768511213
407648961708157
477180142466120
39931849323469
459075358733413
862675274733625
494050414484512
306825132003898
106261687070730
449423750612426
203366809055248
856104913417280
1269659327315893
752622921778181
553870769111541
1218448273044529
912275137177508
996378529235920
865674578149209
76306921377125
1435118341326826
1137751242533000
42777815353360
145910109442336
216675941529269
15695488216178
83560485510610
975290021448005
283377596769874
254838834810785
392840693116909
1142858467435144
932107429253002
462784480672388
81026913584825
747233104358933
604786764616253
601563538420457
567705256767053
795221072431146
264592085067400
408655752829405
484654062292025
315905930513748
104044605644117
370225949632937
821633673524274
683767913335389
340715303223802
1187608933900393
425124905633572
127051328990809
188176980906545
491301864359861
760112352984514
466988163022772
317037499813541
728553672452009
379113847819730
40220932067656
55990361028625
136900103856100
1168172867322565
59135937321653
220493843783729
91430467472360
1859239094596533
390767328748233
1342585651942984
809888086915045
300291064671061
679927650564773
140840462177897
101141606840141
397907622067841
2358044464091605
50082663584493
370313650062568
1288198584047125
1463968882260224
576104808833761
108759625089050
2413411974993364
1373215814619170
1937157359300
483798242458026
565444944698549
814705104653569
1363627380701125
387170087489037
292470377551421
227935767686452
2126438497411829
258494845649090
495557521394536
165522807248482
12788719604884
2842599615035090
975389115117289
502299944170280
57349561041128
1654578550992853
97097996580005
712211051015048
287156377603685
259391417763257
343923915059941
3630572429536125
494884875111250
4211096376084305
620279143385810
402269424475265
216925303546144
27155773055489
1074604733645864
962303221477597
75086073225529
730432452980393
442484492941930
1043332849124360
95099340695525
164152464244645
392993382748325
2857390293569156
1290977098036301
417825112001965
419131032554977
174278901354356
4141954448944925
62898365790376
812577650386212
1269352786593700
2713080885617440
454908866445106
1191104223020249
137484336047825
745943940542277
1354300551104189
214381285346852
509605550709700
489762640095181
935384318592677
321919174217173
1863627324723117
173677120562410
519955296218725
2984175320663620
1699041238029544
1281703328665930
987532964957917
486295220511445
1110956335358498
436697070292624
2013606452373704
709438951656808
336987411295009
714424177095274
576215049402500
197504167851425
610331416372660
552186639380736
992499641277201
12082500491053
1814626169741465
1641721015466690
127385475715210
139298915863330
350713386093524
228739668187213
3100762838812153
917425047055977
871953622688657
2748031046112845
364545647045309
1157079131792937
2057793895628264
174018107815570
1791468868397377
1036887989693725
646697440653277
3532775552050
454600724410640
182811933495360
123374501670664
69231787192125
319411669156840
507073829006233
683421247258292
880868236334216
430986084436261
452577836290850
1925521188550922
957225110425
188954216011577
423162545880905
838799757905801
827063991963112
1735977364535005
365118400085210
226646992513576
2531529264672976
583369378075665
1692297424101913
699886775204797
1900268810625749
317641748894208
634243874366066
2050885049285917
941271527194297
1523311960118992
404785237049245
777908371688500
379028100810433
617488341039828
542353667392549
125266357778314
321040077537785
865866194041333
1319680170441509
1399227207397753
422617729370625
1078930809987817
1174847703382505
662311044706833
278517881086056
965679024014658
82588063466781
1163739154752509
553753322913284
2052480854341301
22933352675250
596539645353296
171569808227285
821694925994377
1373478668708645
386083394942185
160977347611793
1010208591576229
1558135378565873
90025955024065
796717440134036
89092967629256
125926441445458
109869043348125
3545238816080
88397419190842
630165493213274
80870303594106
444624629416441
995228420143633
1521195395707049
423468764536418
159323197494005
75338510454194
269233823211061
457675646543330
1424482989842106
845890519129021
26207687476034
2648495764476081
446919716893817
353094207534368
184140296940541
686892634163837
272148837273050
755974998474440
144108532425125
1937750377774853
73313602029824
2009106851301709
1102693279073945
198379608583897
2184852840504520
489402866655412
619185436664357
1205124988264202
595038310195720
528375663468445
82062965233465
253544920635877
719783799810553
425646328539988
331219238819560
954183300969812
30819888218341
7429892238772
1645622393572477
551955301499464
33323327539130
1038417139379737
977552125480610
1795999973528065
3234673522481224
934044231588052
41028979657552
820708364107213
656402543970373
195408841204034
571563604382017
1248332951232898
125474732386532
1091554583494985
464295181401140
635928231117605
26456371872265
909013418718289
1382258975409952
298732633721609
628000527610312
451963994305172
17076143952810
1769612449465593
864844471365370
32461637873641
1030069865410697
336782108923325
1144148233726528
89630559903440
1471229602059114
27573957700640
25555760390114
366477124696457
653130672556581
12595334291605
268310973254393
765891233015218
155582627108488
1846850299588625
971309724110401
1020649640039705
699634602348125
607003321749428
603404983193209
331468185655645
1074901021899058
2401847686026017
317964145431609
668012840887778
1937164140037748
3162897786842
165555349227540
213045883015354
886522765192973
1852970488642633
188348156457437
111671654190517
389816082178754
13534134790637
1820583060667045
246367820314009
164817615972125
194439202739720
338607089065988
451265348418056
487587571436500
749716502394340
464743037671120
76790067590756
